[1/20] Generating 01...
FAILED: 01 - argument should be a bytes-like object or ASCII string, not 'list'
[2/20] Generating 02...
FAILED: 02 - argument should be a bytes-like object or ASCII string, not 'list'
[3/20] Generating 03...
FAILED: 03 - argument should be a bytes-like object or ASCII string, not 'list'
[4/20] Generating 04...
FAILED: 04 - No choices in response: {"contentFilter":[{"level":2,"role":"assistant"}],"error":{"code":"1301","message":"系统检测到输入或生成内容可能包含不安全或敏感内容，请您避免输入易产生敏感内容的提示语，感谢您的配合。"}}
[5/20] Generating 05...
FAILED: 05 - No choices in response: {"contentFilter":[{"level":2,"role":"user"}],"error":{"code":"1301","message":"系统检测到输入或生成内容可能包含不安全或敏感内容，请您避免输入易产生敏感内容的提示语，感谢您的配合。"}}
[6/20] Generating 06...
FAILED: 06 - argument should be a bytes-like object or ASCII string, not 'list'
[7/20] Generating 07...
FAILED: 07 - argument should be a bytes-like object or ASCII string, not 'list'
[8/20] Generating 08...
FAILED: 08 - argument should be a bytes-like object or ASCII string, not 'list'
[9/20] Generating 09...
FAILED: 09 - argument should be a bytes-like object or ASCII string, not 'list'
[10/20] Generating 10...
FAILED: 10 - argument should be a bytes-like object or ASCII string, not 'list'
[11/20] Generating 11...
FAILED: 11 - argument should be a bytes-like object or ASCII string, not 'list'
[12/20] Generating 12...
FAILED: 12 - argument should be a bytes-like object or ASCII string, not 'list'
[13/20] Generating 13...
FAILED: 13 - argument should be a bytes-like object or ASCII string, not 'list'
[14/20] Generating 14...
FAILED: 14 - argument should be a bytes-like object or ASCII string, not 'list'
[15/20] Generating 15...
FAILED: 15 - argument should be a bytes-like object or ASCII string, not 'list'
[16/20] Generating 16...
FAILED: 16 - argument should be a bytes-like object or ASCII string, not 'list'
[17/20] Generating 17...
FAILED: 17 - argument should be a bytes-like object or ASCII string, not 'list'
[18/20] Generating 18...
FAILED: 18 - argument should be a bytes-like object or ASCII string, not 'list'
[19/20] Generating 19...
FAILED: 19 - argument should be a bytes-like object or ASCII string, not 'list'
[20/20] Generating 20...
FAILED: 20 - argument should be a bytes-like object or ASCII string, not 'list'
Done!
