[1/20] Generating 01...
SUCCESS: 01 - saved to /home/swg/.openclaw/workspace/news-blog/images/news_20260630_01.png
[2/20] Generating 02...
SUCCESS: 02 - saved to /home/swg/.openclaw/workspace/news-blog/images/news_20260630_02.png
[3/20] Generating 03...
SUCCESS: 03 - saved to /home/swg/.openclaw/workspace/news-blog/images/news_20260630_03.png
[4/20] Generating 04...
SUCCESS: 04 - saved to /home/swg/.openclaw/workspace/news-blog/images/news_20260630_04.png
[5/20] Generating 05...
FAILED: 05 - HTTP Error 400: Bad Request
  RETRY 05...
FAILED: 05 - HTTP Error 400: Bad Request
[6/20] Generating 06...
SUCCESS: 06 - saved to /home/swg/.openclaw/workspace/news-blog/images/news_20260630_06.png
[7/20] Generating 07...
SUCCESS: 07 - saved to /home/swg/.openclaw/workspace/news-blog/images/news_20260630_07.png
[8/20] Generating 08...
SUCCESS: 08 - saved to /home/swg/.openclaw/workspace/news-blog/images/news_20260630_08.png
[9/20] Generating 09...
SUCCESS: 09 - saved to /home/swg/.openclaw/workspace/news-blog/images/news_20260630_09.png
[10/20] Generating 10...
SUCCESS: 10 - saved to /home/swg/.openclaw/workspace/news-blog/images/news_20260630_10.png
[11/20] Generating 11...
SUCCESS: 11 - saved to /home/swg/.openclaw/workspace/news-blog/images/news_20260630_11.png
[12/20] Generating 12...
SUCCESS: 12 - saved to /home/swg/.openclaw/workspace/news-blog/images/news_20260630_12.png
[13/20] Generating 13...
SUCCESS: 13 - saved to /home/swg/.openclaw/workspace/news-blog/images/news_20260630_13.png
[14/20] Generating 14...
SUCCESS: 14 - saved to /home/swg/.openclaw/workspace/news-blog/images/news_20260630_14.png
[15/20] Generating 15...
SUCCESS: 15 - saved to /home/swg/.openclaw/workspace/news-blog/images/news_20260630_15.png
[16/20] Generating 16...
SUCCESS: 16 - saved to /home/swg/.openclaw/workspace/news-blog/images/news_20260630_16.png
[17/20] Generating 17...
SUCCESS: 17 - saved to /home/swg/.openclaw/workspace/news-blog/images/news_20260630_17.png
[18/20] Generating 18...
SUCCESS: 18 - saved to /home/swg/.openclaw/workspace/news-blog/images/news_20260630_18.png
[19/20] Generating 19...
SUCCESS: 19 - saved to /home/swg/.openclaw/workspace/news-blog/images/news_20260630_19.png
[20/20] Generating 20...
SUCCESS: 20 - saved to /home/swg/.openclaw/workspace/news-blog/images/news_20260630_20.png

Done!
