[05:50:36] ============================================================
[05:50:36] 开始更新新闻博客 - 2026-05-07 05:50:36.164672
[05:50:36] ============================================================
[05:50:36] 📡 步骤 1/5: 搜索 20 条真实新闻
[05:50:42] ✅ 搜索成功: 找到 20 条新闻
[05:50:42] 🎨 步骤 2/5: 并行生成 20 张图片（2个线程）
[05:50:42] 📊 质量标准: 文件50KB-800KB, 宽≥1024, 高≥576, 比例16:9
[05:50:42] ⚡ API限流应对: 失败自动重试最多6次，每次间隔递增等待
[05:50:42] 🖼️  生成图片 1/20: 韩国历史上的今天 韩联社... (尝试 1/6)
[05:50:42] ⏳ 请求限流: 等待 20.0 秒...
[05:51:04] ✅ 图片 1/20 生成成功且质量合格
[05:51:04] 🖼️  生成图片 3/20: 早读中伊外长会谈：期待支持建立战后地区新架构 - 上观... (尝试 1/6)
[05:51:04] ⏳ 请求限流: 等待 17.6 秒...
[05:51:24] ✅ 图片 3/20 生成成功且质量合格
[05:51:24] 🖼️  生成图片 4/20: 美伊备忘录尚未落地白宫为何急谈“战争结束”... (尝试 1/6)
[05:51:24] ⏳ 请求限流: 等待 18.3 秒...
[05:52:54] ✅ 图片 4/20 生成成功且质量合格
[05:52:54] 🖼️  生成图片 5/20: 新闻直击政变？！克宫异动普京躲进地堡！ 阿联酋油轮遭袭 伊朗... (尝试 1/6)
[06:26:39] ============================================================
[06:26:39] 开始更新新闻博客 - 2026-05-07 06:26:39.252387
[06:26:39] ============================================================
[06:36:31] ============================================================
[06:36:31] 开始更新新闻博客 - 2026-05-07 06:36:31.003685
[06:36:31] ============================================================
[06:36:31] 📡 步骤 1/5: 搜索 20 条真实新闻
[06:36:38] ✅ 搜索成功: 找到 20 条新闻
[06:36:38] 🎨 步骤 2/5: 并行生成 20 张图片（2个线程）
[06:36:38] 📊 质量标准: 文件50KB-800KB, 宽≥1024, 高≥576, 比例16:9
[06:36:38] ⚡ API限流应对: 失败自动重试最多6次，每次间隔递增等待
[06:36:38] 🖼️  生成图片 1/20: 韩国历史上的今天 - 韩联社... (尝试 1/6)
[06:36:38] ⏳ 请求限流: 等待 20.0 秒...
[06:37:00] ✅ 图片 1/20 生成成功且质量合格
[06:37:00] 🖼️  生成图片 3/20: 美伊备忘录尚未落地 白宫为何急谈“战争结束” - 21经济网... (尝试 1/6)
[06:37:00] ⏳ 请求限流: 等待 18.1 秒...
[06:38:29] ✅ 图片 3/20 生成成功且质量合格
[06:38:29] 🖼️  生成图片 4/20: 新闻直击政变？！克宫异动普京躲进地堡！ 阿联酋油轮遭袭 伊朗... (尝试 1/6)
[06:40:00] ✅ 图片 4/20 生成成功且质量合格
[06:40:00] 🖼️  生成图片 5/20: 伊朗战争(2026年) - 维基百科，自由的百科全书... (尝试 1/6)
[06:41:29] ✅ 图片 5/20 生成成功且质量合格
[06:41:29] 🖼️  生成图片 6/20: 这里已成为美国的“大型暴力现场” - 上观... (尝试 1/6)
[06:42:59] ✅ 图片 6/20 生成成功且质量合格
[06:42:59] 🖼️  生成图片 7/20: 光明论坛让科技服务业走向“质量引领”--理论-中国共产党新闻... (尝试 1/6)
[06:44:29] ✅ 图片 7/20 生成成功且质量合格
[06:44:29] 🖼️  生成图片 8/20: 杭可科技：将于召开2025年年度股东大会 东方财富网... (尝试 1/6)
[06:45:59] ✅ 图片 8/20 生成成功且质量合格
[06:45:59] 🖼️  生成图片 9/20: 2026科技风向标：八大趋势重塑产业与生活 - 21财经... (尝试 1/6)
[22:00:10] ============================================================
[22:00:10] 开始更新新闻博客 - 2026-05-07 22:00:10.782768
[22:00:10] ============================================================
[22:00:10] 📡 步骤 1/5: 搜索 20 条真实新闻
[22:00:20] ✅ 搜索成功: 找到 20 条新闻
[22:00:20] 🎨 步骤 2/5: 并行生成 20 张图片（2个线程）
[22:00:20] 📊 质量标准: 文件50KB-800KB, 宽≥1024, 高≥576, 比例16:9
[22:00:20] ⚡ API限流应对: 失败自动重试最多6次，每次间隔递增等待
[22:00:20] 🖼️  生成图片 2/20: 大骂习近平彭丽媛 中国女子手机被封引众怒 新唐人电视台... (尝试 1/6)
[22:00:20] ⏳ 请求限流: 等待 20.0 秒...
[22:00:41] ✅ 图片 2/20 生成成功且质量合格
[22:00:41] 🖼️  生成图片 3/20: 大骂习近平彭丽媛 中国女子手机被封引众怒 新唐人电视台... (尝试 1/6)
[22:00:41] ⏳ 请求限流: 等待 18.4 秒...
