[02:12:58] ============================================================
[02:12:58] 开始更新新闻博客 - 2026-04-30 02:12:58.333342
[02:12:58] ============================================================
[02:12:58] 📡 步骤 1/5: 搜索 20 条真实新闻
[02:13:04] ✅ 搜索成功: 找到 20 条新闻
[02:13:04] 🎨 步骤 2/5: 并行生成 20 张图片（2个线程）
[02:13:04] 📊 质量标准: 文件50KB-800KB, 宽≥800, 高≥450, 比例16:9
[02:13:04] ⚡ API限流应对: 失败自动重试最多6次，每次间隔递增等待
[02:13:04] 🖼️  生成图片 1/20: 新浪中国足球热点小时报丨2026年04月30日01时今日实时... (尝试 1/6)
[02:13:04] ⏳ 请求限流: 等待 8.0 秒...
[02:13:14] ⚠️  图片 1 触发API限流，增加等待时间...
[02:13:14] ⏳ 限流等待 90 秒...
[02:14:44] 🖼️  生成图片 1/20: 新浪中国足球热点小时报丨2026年04月30日01时今日实时... (尝试 2/6)
[02:15:50] ============================================================
[02:15:50] 开始更新新闻博客 - 2026-04-30 02:15:50.576481
[02:15:50] ============================================================
[02:15:50] 📡 步骤 1/5: 搜索 20 条真实新闻
[02:15:54] ✅ 搜索成功: 找到 20 条新闻
[02:15:54] 🎨 步骤 2/5: 并行生成 20 张图片（2个线程）
[02:15:54] 📊 质量标准: 文件50KB-800KB, 宽≥800, 高≥450, 比例16:9
[02:15:54] ⚡ API限流应对: 失败自动重试最多6次，每次间隔递增等待
[02:15:54] 🖼️  生成图片 1/20: 新浪中国足球热点小时报丨2026年04月30日01时今日实时... (尝试 1/6)
[02:15:54] ⏳ 请求限流: 等待 8.0 秒...
[02:17:34] ✅ 图片 1/20 生成成功且质量合格
[02:17:34] 🖼️  生成图片 3/20: 暂无内容... (尝试 1/6)
[02:19:04] ✅ 图片 3/20 生成成功且质量合格
[02:19:04] 🖼️  生成图片 4/20: 川普普京挂电话！两场战争大转向！美防长... (尝试 1/6)
[02:20:34] ✅ 图片 4/20 生成成功且质量合格
[02:20:34] 🖼️  生成图片 5/20: 中国经济圆桌会共话科技创新与产业创新深度融合 新华网... (尝试 1/6)
[02:22:04] ✅ 图片 5/20 生成成功且质量合格
[02:22:04] 🖼️  生成图片 6/20: 新技术引领未来产业快速崛起... (尝试 1/6)
[02:22:49] ⚠️  图片 6 生成失败: 🎨 Generating image...
   Prompt: Realistic news photography: technology, computer, digital, e...
   
[02:22:49] ⏳ 等待 25 秒后重试...
[02:23:14] 🖼️  生成图片 6/20: 新技术引领未来产业快速崛起... (尝试 2/6)
[02:23:16] ⚠️  图片 6 触发API限流，增加等待时间...
[02:23:16] ⏳ 限流等待 120 秒...
[02:25:16] 🖼️  生成图片 6/20: 新技术引领未来产业快速崛起... (尝试 3/6)
[02:26:34] ✅ 图片 6/20 生成成功且质量合格
[02:26:34] 🖼️  生成图片 7/20: 新浪人工智能热点小时报丨2026年04月30日05时... (尝试 1/6)
[02:28:04] ✅ 图片 7/20 生成成功且质量合格
[02:28:04] 🖼️  生成图片 8/20: 中国科技进阶方向明确！硬核上新，产业裂变 21经济网... (尝试 1/6)
[02:29:34] ✅ 图片 8/20 生成成功且质量合格
[02:29:34] 🖼️  生成图片 9/20: 贯彻落实党的二十届四中全会和中央经济工作会议精神 深入推进数... (尝试 1/6)
[02:31:04] ✅ 图片 9/20 生成成功且质量合格
[02:31:04] 🖼️  生成图片 10/20: 习近平总书记指引未来产业发展 国际科技创新中心... (尝试 1/6)
[02:32:34] ✅ 图片 10/20 生成成功且质量合格
[02:32:34] 🖼️  生成图片 11/20: 第一观察｜开局之年中央政治局首次集体学习聚焦未来产业发展... (尝试 1/6)
[02:34:04] ✅ 图片 11/20 生成成功且质量合格
[02:34:04] 🖼️  生成图片 12/20: 第一观察｜习近平总书记指引未来产业发展时政人民网... (尝试 1/6)
[02:35:34] ✅ 图片 12/20 生成成功且质量合格
[02:35:34] 🖼️  生成图片 13/20: 中华人民共和国国民经济和社会发展第十五个五年规划纲要... (尝试 1/6)
[02:37:04] ✅ 图片 13/20 生成成功且质量合格
[02:37:04] 🖼️  生成图片 14/20: 2026年政府工作报告：打造智能经济新形态。十五五规划纲要... (尝试 1/6)
[02:38:34] ✅ 图片 14/20 生成成功且质量合格
[02:38:34] 🖼️  生成图片 15/20: 2026年4月22日外交部发言人郭嘉昆主持例行记者会中华人民... (尝试 1/6)
[02:40:04] ✅ 图片 15/20 生成成功且质量合格
[02:40:04] 🖼️  生成图片 16/20: ｜20260429 s... (尝试 1/6)
[02:41:34] ✅ 图片 16/20 生成成功且质量合格
[02:41:34] 🖼️  生成图片 17/20: 2026年4月28日外交部发言人林剑主持例行记者会中华人民共... (尝试 1/6)
[02:43:04] ✅ 图片 17/20 生成成功且质量合格
[02:43:04] 🖼️  生成图片 18/20: 2026年4月27日外交部发言人林剑主持例行记者会中华人民共... (尝试 1/6)
[02:44:34] ✅ 图片 18/20 生成成功且质量合格
[02:44:34] 🖼️  生成图片 19/20: 副总统出席外交部春宴盼持续与国际友盟深化伙伴关系共同维护区域... (尝试 1/6)
[02:46:04] ✅ 图片 19/20 生成成功且质量合格
[02:46:04] 🖼️  生成图片 20/20: 2026年4月23日外交部发言人郭嘉昆主持例行记者会 驻美国... (尝试 1/6)
[02:47:34] ✅ 图片 20/20 生成成功且质量合格
[02:47:34] 🖼️  生成图片 2/20: 学者遭拒入境美国提醒公民增强安全防范意识；面对中东危机... (尝试 1/6)
[02:49:04] ✅ 图片 2/20 生成成功且质量合格
[02:49:04] 🔍 步骤 3/5: 检查内容和图片质量
[02:49:04] ✅ 新闻 1 内容长度: 194 字符
[02:49:04] ✅ 新闻 1 图片质量: 69.0KB
[02:49:04] ✅ 新闻 2 内容长度: 164 字符
[02:49:04] ✅ 新闻 2 图片质量: 100.8KB
[02:49:04] ✅ 新闻 3 内容长度: 165 字符
[02:49:04] ✅ 新闻 3 图片质量: 72.5KB
[02:49:04] ✅ 新闻 4 内容长度: 164 字符
[02:49:04] ✅ 新闻 4 图片质量: 67.9KB
[02:49:04] ✅ 新闻 5 内容长度: 202 字符
[02:49:04] ✅ 新闻 5 图片质量: 95.4KB
[02:49:04] ✅ 新闻 6 内容长度: 168 字符
[02:49:04] ✅ 新闻 6 图片质量: 82.6KB
[02:49:04] ✅ 新闻 7 内容长度: 202 字符
[02:49:04] ✅ 新闻 7 图片质量: 77.4KB
[02:49:04] ✅ 新闻 8 内容长度: 172 字符
[02:49:04] ✅ 新闻 8 图片质量: 101.1KB
[02:49:04] ✅ 新闻 9 内容长度: 200 字符
[02:49:04] ✅ 新闻 9 图片质量: 90.3KB
[02:49:04] ✅ 新闻 10 内容长度: 176 字符
[02:49:04] ✅ 新闻 10 图片质量: 94.2KB
[02:49:04] ✅ 新闻 11 内容长度: 179 字符
[02:49:04] ✅ 新闻 11 图片质量: 75.8KB
[02:49:04] ✅ 新闻 12 内容长度: 171 字符
[02:49:04] ✅ 新闻 12 图片质量: 93.7KB
[02:49:04] ✅ 新闻 13 内容长度: 202 字符
[02:49:04] ✅ 新闻 13 图片质量: 71.5KB
[02:49:04] ✅ 新闻 14 内容长度: 202 字符
[02:49:04] ✅ 新闻 14 图片质量: 104.0KB
[02:49:04] ✅ 新闻 15 内容长度: 160 字符
[02:49:04] ✅ 新闻 15 图片质量: 86.3KB
[02:49:04] ✅ 新闻 16 内容长度: 162 字符
[02:49:04] ✅ 新闻 16 图片质量: 82.3KB
[02:49:04] ✅ 新闻 17 内容长度: 171 字符
[02:49:04] ✅ 新闻 17 图片质量: 69.2KB
[02:49:04] ✅ 新闻 18 内容长度: 188 字符
[02:49:04] ✅ 新闻 18 图片质量: 66.1KB
[02:49:04] ✅ 新闻 19 内容长度: 162 字符
[02:49:04] ✅ 新闻 19 图片质量: 85.3KB
[02:49:04] ✅ 新闻 20 内容长度: 202 字符
[02:49:04] ✅ 新闻 20 图片质量: 63.4KB
[02:49:04] ✅ 质量检查通过
[02:49:04] 📝 步骤 4/5: 创建 HTML 页面
[02:49:04] ✅ HTML 创建成功: /home/swg/.openclaw/workspace/news-blog/index.html
[02:49:04] 🚀 步骤 5/5: 上传到 GitHub
