[04:34:12] ============================================================
[04:34:12] 开始更新新闻博客 - 2026-05-11 04:34:12.572535
[04:34:12] ============================================================
[04:34:12] 📡 步骤 1/5: 搜索 20 条真实新闻
[04:34:19] ✅ 搜索成功: 找到 20 条新闻
[04:34:19] 🎨 步骤 2/5: 并行生成 20 张图片（2个线程）
[04:34:19] 📊 质量标准: 文件50KB-800KB, 宽≥1024, 高≥576, 比例16:9
[04:34:19] ⚡ API限流应对: 失败自动重试最多6次，每次间隔递增等待
[04:34:19] 🖼️  生成图片 2/20: 悬浮物体与闪光：五角大楼的解密档案披露了什么？... (尝试 1/6)
[04:34:19] ⏳ 请求限流: 等待 20.0 秒...
[04:34:40] ⚠️  图片 2 触发API限流，增加等待时间...
[04:34:40] ⏳ 限流等待 60 秒...
[04:35:40] 🖼️  生成图片 2/20: 悬浮物体与闪光：五角大楼的解密档案披露了什么？... (尝试 2/6)
[04:36:10] ⚠️  图片 2 触发API限流，增加等待时间...
[04:36:10] ⏳ 限流等待 60 秒...
[04:42:26] ============================================================
[04:42:26] 开始更新新闻博客 - 2026-05-11 04:42:26.045074
[04:42:26] ============================================================
[04:42:26] 📡 步骤 1/5: 搜索 20 条真实新闻
[04:42:30] ✅ 搜索成功: 找到 20 条新闻
[04:42:30] 🎨 步骤 2/5: 并行生成 20 张图片（2个线程）
[04:42:30] 📊 质量标准: 文件50KB-800KB, 宽≥1024, 高≥576, 比例16:9
[04:42:30] ⚡ API限流应对: 失败自动重试最多6次，每次间隔递增等待
[04:42:30] 🖼️  生成图片 1/20: 20260511 今日白天气温仍高北部及东部短暂雨－民视新闻... (尝试 1/6)
[04:42:30] ⏳ 请求限流: 等待 20.0 秒...
[04:42:51] ⚠️  图片 1 触发API限流，增加等待时间...
[04:42:51] ⏳ 限流等待 60 秒...
[04:43:51] 🖼️  生成图片 1/20: 20260511 今日白天气温仍高北部及东部短暂雨－民视新闻... (尝试 2/6)
[04:44:21] ⚠️  图片 1 触发API限流，增加等待时间...
[04:44:21] ⏳ 限流等待 60 秒...
[04:45:21] 🖼️  生成图片 1/20: 20260511 今日白天气温仍高北部及东部短暂雨－民视新闻... (尝试 3/6)
[04:46:00] ✅ 图片 1/20 生成成功且质量合格
[04:46:00] 🖼️  生成图片 3/20: 新闻第一线伊朗发第二波导弹袭击阿联酋以色列密议反击 川普... (尝试 1/6)
[04:47:29] ✅ 图片 3/20 生成成功且质量合格
[04:47:29] 🖼️  生成图片 4/20: 新闻第一线美伊海峡正面交火神秘预言汉坦爆发？... (尝试 1/6)
[04:48:59] ✅ 图片 4/20 生成成功且质量合格
[04:48:59] 🖼️  生成图片 5/20: 早安新唐人... (尝试 1/6)
[04:50:30] ✅ 图片 5/20 生成成功且质量合格
[04:50:30] 🖼️  生成图片 6/20: 以料美伊谈判下周破裂加紧准备恢复战斗2026.八度 ...... (尝试 1/6)
[04:51:59] ✅ 图片 6/20 生成成功且质量合格
[04:51:59] 🖼️  生成图片 7/20: 新闻第一线美伊海峡正面交火神秘预言汉坦爆发？... (尝试 1/6)
[04:53:21] ⚠️  图片 7 触发API限流，增加等待时间...
[04:53:21] ⏳ 限流等待 60 秒...
[04:54:21] 🖼️  生成图片 7/20: 新闻第一线美伊海峡正面交火神秘预言汉坦爆发？... (尝试 2/6)
[04:54:59] ✅ 图片 7/20 生成成功且质量合格
[04:54:59] 🖼️  生成图片 8/20: 今日国际新闻重点：爆发汉坦病毒邮轮抵达加那利群岛世衞 ...... (尝试 1/6)
[04:56:21] ⚠️  图片 8 触发API限流，增加等待时间...
[04:56:21] ⏳ 限流等待 60 秒...
[04:57:21] 🖼️  生成图片 8/20: 今日国际新闻重点：爆发汉坦病毒邮轮抵达加那利群岛世衞 ...... (尝试 2/6)
[04:57:51] ⚠️  图片 8 触发API限流，增加等待时间...
[04:57:51] ⏳ 限流等待 60 秒...
[04:58:51] 🖼️  生成图片 8/20: 今日国际新闻重点：爆发汉坦病毒邮轮抵达加那利群岛世衞 ...... (尝试 3/6)
[04:59:30] ✅ 图片 8/20 生成成功且质量合格
[04:59:30] 🖼️  生成图片 9/20: 2026年经济大省竞逐三大关键产业：、机器人、低空经济 - ... (尝试 1/6)
[05:01:00] ✅ 图片 9/20 生成成功且质量合格
[05:01:00] 🖼️  生成图片 10/20: 国家发改委：2026年消费与投资、科技与产业等将释放出巨大发... (尝试 1/6)
[05:02:21] ⚠️  图片 10 触发API限流，增加等待时间...
[05:02:21] ⏳ 限流等待 60 秒...
[05:03:21] 🖼️  生成图片 10/20: 国家发改委：2026年消费与投资、科技与产业等将释放出巨大发... (尝试 2/6)
[05:03:51] ⚠️  图片 10 触发API限流，增加等待时间...
[05:03:51] ⏳ 限流等待 60 秒...
[05:04:51] 🖼️  生成图片 10/20: 国家发改委：2026年消费与投资、科技与产业等将释放出巨大发... (尝试 3/6)
[05:05:30] ✅ 图片 10/20 生成成功且质量合格
[05:05:30] 🖼️  生成图片 11/20: 2026年政府工作报告：打造智能经济新形态。十五五规划纲要：... (尝试 1/6)
[05:07:00] ✅ 图片 11/20 生成成功且质量合格
[05:07:00] 🖼️  生成图片 12/20: 2026科技风向标：八大趋势重塑产业与生活 - 21财经... (尝试 1/6)
[05:08:30] ✅ 图片 12/20 生成成功且质量合格
[05:08:30] 🖼️  生成图片 13/20: 建设数字中国支撑新质生产力发展 - 配额许可证事务局... (尝试 1/6)
[05:09:51] ⚠️  图片 13 触发API限流，增加等待时间...
[05:09:51] ⏳ 限流等待 60 秒...
[05:10:51] 🖼️  生成图片 13/20: 建设数字中国支撑新质生产力发展 - 配额许可证事务局... (尝试 2/6)
[05:11:30] ✅ 图片 13/20 生成成功且质量合格
[05:11:30] 🖼️  生成图片 14/20: 两会热词在基层活力中国：向“新”而行 以“质”致远... (尝试 1/6)
[05:13:00] ✅ 图片 14/20 生成成功且质量合格
[05:13:00] 🖼️  生成图片 15/20: 2026十大产业前瞻——科技创新与产业创新深度融合 - 新华... (尝试 1/6)
[05:14:29] ✅ 图片 15/20 生成成功且质量合格
[05:14:29] 🖼️  生成图片 16/20: 分析师警告2026年7大国际事件改变人类历史中美狂人领袖会面... (尝试 1/6)
[05:15:59] ✅ 图片 16/20 生成成功且质量合格
[05:15:59] 🖼️  生成图片 17/20: 外交部发言人林剑主持例行记者会... (尝试 1/6)
[05:17:30] ✅ 图片 17/20 生成成功且质量合格
[05:17:30] 🖼️  生成图片 18/20: 外交部发言人林剑主持例行记者会中华人民共和国驻叶卡捷琳堡总领... (尝试 1/6)
[05:18:58] ✅ 图片 18/20 生成成功且质量合格
[05:18:58] 🖼️  生成图片 19/20: 今日要闻... (尝试 1/6)
[05:20:21] ⚠️  图片 19 触发API限流，增加等待时间...
[05:20:21] ⏳ 限流等待 60 秒...
[05:21:21] 🖼️  生成图片 19/20: 今日要闻... (尝试 2/6)
[05:21:59] ✅ 图片 19/20 生成成功且质量合格
[05:21:59] 🖼️  生成图片 20/20: 2026年全球贸易投资促进峰会将于5月在京举办习近平外交思想... (尝试 1/6)
[05:23:28] ✅ 图片 20/20 生成成功且质量合格
[05:23:28] 🖼️  生成图片 2/20: 悬浮物体与闪光：五角大楼的解密档案披露了什么？... (尝试 1/6)
[05:24:55] ✅ 图片 2/20 生成成功且质量合格
[05:24:55] 🔍 步骤 3/5: 检查内容和图片质量
[05:24:55] ✅ 新闻 1 内容长度: 164 字符
[05:24:55] ✅ 新闻 1 图片质量: 74.2KB
[05:24:55] ✅ 新闻 2 内容长度: 163 字符
[05:24:55] ✅ 新闻 2 图片质量: 63.7KB
[05:24:55] ✅ 新闻 3 内容长度: 202 字符
[05:24:55] ✅ 新闻 3 图片质量: 61.4KB
[05:24:55] ✅ 新闻 4 内容长度: 191 字符
[05:24:55] ✅ 新闻 4 图片质量: 84.4KB
[05:24:55] ✅ 新闻 5 内容长度: 159 字符
[05:24:55] ✅ 新闻 5 图片质量: 72.0KB
[05:24:55] ✅ 新闻 6 内容长度: 156 字符
[05:24:55] ✅ 新闻 6 图片质量: 80.3KB
[05:24:55] ✅ 新闻 7 内容长度: 191 字符
[05:24:55] ✅ 新闻 7 图片质量: 108.9KB
[05:24:55] ✅ 新闻 8 内容长度: 161 字符
[05:24:55] ✅ 新闻 8 图片质量: 61.2KB
[05:24:55] ✅ 新闻 9 内容长度: 161 字符
[05:24:55] ✅ 新闻 9 图片质量: 80.6KB
[05:24:55] ✅ 新闻 10 内容长度: 162 字符
[05:24:55] ✅ 新闻 10 图片质量: 105.6KB
[05:24:55] ✅ 新闻 11 内容长度: 202 字符
[05:24:55] ✅ 新闻 11 图片质量: 99.4KB
[05:24:55] ✅ 新闻 12 内容长度: 202 字符
[05:24:55] ✅ 新闻 12 图片质量: 95.4KB
[05:24:55] ✅ 新闻 13 内容长度: 161 字符
[05:24:55] ✅ 新闻 13 图片质量: 74.3KB
[05:24:55] ✅ 新闻 14 内容长度: 202 字符
[05:24:55] ✅ 新闻 14 图片质量: 70.5KB
[05:24:55] ✅ 新闻 15 内容长度: 175 字符
[05:24:55] ✅ 新闻 15 图片质量: 62.3KB
[05:24:55] ✅ 新闻 16 内容长度: 158 字符
[05:24:55] ✅ 新闻 16 图片质量: 83.6KB
[05:24:55] ✅ 新闻 17 内容长度: 185 字符
[05:24:55] ✅ 新闻 17 图片质量: 60.9KB
[05:24:55] ✅ 新闻 18 内容长度: 190 字符
[05:24:55] ✅ 新闻 18 图片质量: 54.7KB
[05:24:55] ✅ 新闻 19 内容长度: 158 字符
[05:24:55] ✅ 新闻 19 图片质量: 80.2KB
[05:24:55] ✅ 新闻 20 内容长度: 202 字符
[05:24:55] ✅ 新闻 20 图片质量: 54.6KB
[05:24:55] ✅ 质量检查通过
[05:24:55] 📝 步骤 4/5: 创建 HTML 页面
[05:24:55] 🔍 HTML验证: 预期 20 张新闻卡片, 实际 20 张
[05:24:55] ✅ HTML 创建成功: /home/swg/.openclaw/workspace/news-blog/index.html
[05:24:55] ✅ 生成完成（未上传）
[05:24:55] 📄 HTML 文件: /home/swg/.openclaw/workspace/news-blog/index.html
