[05:45:39] ============================================================
[05:45:39] 开始更新新闻博客 - 2026-05-03 05:45:39.042110
[05:45:39] ============================================================
[05:45:39] 📡 步骤 1/5: 搜索 20 条真实新闻
[05:45:46] ✅ 搜索成功: 找到 20 条新闻
[05:45:46] 🎨 步骤 2/5: 并行生成 20 张图片（2个线程）
[05:45:46] 📊 质量标准: 文件50KB-800KB, 宽≥1024, 高≥576, 比例16:9
[05:45:46] ⚡ API限流应对: 失败自动重试最多6次，每次间隔递增等待
[05:45:46] 🖼️  生成图片 2/20: 时事金扫描波斯湾中国船长悲歌东航坠机揭恐怖真相 伊朗 川普... (尝试 1/6)
[05:45:46] ⏳ 请求限流: 等待 8.0 秒...
[05:45:56] ✅ 图片 2/20 生成成功且质量合格
[05:45:56] 🖼️  生成图片 3/20: 成都无差别撞人事件舆论批中共洗脑教育灌输仇恨 - 新唐人电视... (尝试 1/6)
[05:45:56] ⏳ 请求限流: 等待 5.7 秒...
[05:47:26] ✅ 图片 3/20 生成成功且质量合格
[05:47:26] 🖼️  生成图片 4/20: 八度空间华语新闻 8 网络直播今日焦点国阵希盟 ...... (尝试 1/6)
[05:48:56] ✅ 图片 4/20 生成成功且质量合格
[05:48:56] 🖼️  生成图片 5/20: 白宫记者晚宴枪击疑犯“很可能”是以特朗普和其他官员为攻击目标... (尝试 1/6)
[05:50:26] ✅ 图片 5/20 生成成功且质量合格
[05:50:26] 🖼️  生成图片 6/20: 白宫记者晚宴枪击案：31岁男子被捕、特勤人员中弹... (尝试 1/6)
[05:51:56] ✅ 图片 6/20 生成成功且质量合格
[05:51:56] 🖼️  生成图片 7/20: 白宫记者晚宴枪击案：31岁男子被捕、特勤人员中弹... (尝试 1/6)
[05:53:26] ✅ 图片 7/20 生成成功且质量合格
[05:53:26] 🖼️  生成图片 8/20: 2026年政府工作报告：打造智能经济新形态。十五五规划纲要：... (尝试 1/6)
[05:53:28] ✅ 图片 8/20 生成成功且质量合格
[05:53:28] 🖼️  生成图片 9/20: 扎实推动科技创新与产业创新深度融合 - 光明网-理论频道... (尝试 1/6)
[05:53:28] ⏳ 请求限流: 等待 6.0 秒...
[05:54:56] ✅ 图片 9/20 生成成功且质量合格
[05:54:56] 🖼️  生成图片 10/20: 视频未来五年 新兴支柱产业和未来产业成为新动能 - 21经济... (尝试 1/6)
[05:59:11] ============================================================
[05:59:11] 开始更新新闻博客 - 2026-05-03 05:59:11.339310
[05:59:11] ============================================================
[05:59:11] 📡 步骤 1/5: 搜索 20 条真实新闻
[05:59:17] ✅ 搜索成功: 找到 20 条新闻
[05:59:17] 🎨 步骤 2/5: 并行生成 20 张图片（2个线程）
[05:59:17] 📊 质量标准: 文件50KB-800KB, 宽≥1024, 高≥576, 比例16:9
[05:59:17] ⚡ API限流应对: 失败自动重试最多6次，每次间隔递增等待
[05:59:17] 🖼️  生成图片 2/20: 朝刊 （日） - 朝日新闻... (尝试 1/6)
[05:59:17] ⏳ 请求限流: 等待 8.0 秒...
[05:59:27] ✅ 图片 2/20 生成成功且质量合格
[05:59:27] 🖼️  生成图片 3/20: 外交突围!总统出访史瓦帝尼"任何国家无权阻挡台湾"台视午间新... (尝试 1/6)
[05:59:27] ⏳ 请求限流: 等待 6.1 秒...
[05:59:35] ✅ 图片 3/20 生成成功且质量合格
[05:59:35] 🖼️  生成图片 4/20: 网信部门严管“自媒体”未规范标注信息来源行为 - 21财经... (尝试 1/6)
[05:59:35] ⏳ 请求限流: 等待 5.9 秒...
[06:00:57] ✅ 图片 4/20 生成成功且质量合格
[06:00:57] 🖼️  生成图片 5/20: 扎实推动科技创新与产业创新深度融合 - 光明网-理论频道... (尝试 1/6)
[06:02:27] ✅ 图片 5/20 生成成功且质量合格
[06:02:27] 🖼️  生成图片 6/20: 聚焦2026中国经济把握“四个三”，读懂政府工作报告中的创新... (尝试 1/6)
[06:03:56] ✅ 图片 6/20 生成成功且质量合格
[06:03:56] 🖼️  生成图片 7/20: 2026年政府工作报告：打造智能经济新形态。十五五规划纲要... (尝试 1/6)
[06:05:26] ✅ 图片 7/20 生成成功且质量合格
[06:05:26] 🖼️  生成图片 8/20: 中国科技加速跃迁，“十五五”按下创新产业化加速键 - 新闻-... (尝试 1/6)
[06:06:56] ✅ 图片 8/20 生成成功且质量合格
[06:06:56] 🖼️  生成图片 9/20: 两会热词在基层活力中国：向“新”而行 以“质”致远... (尝试 1/6)
[06:06:58] ✅ 图片 9/20 生成成功且质量合格
[06:06:58] 🖼️  生成图片 10/20: 中国新五年计划聚焦未来科技：加速自主研发应对地缘挑战... (尝试 1/6)
[06:06:58] ⏳ 请求限流: 等待 6.0 秒...
[06:08:28] ✅ 图片 10/20 生成成功且质量合格
[06:08:28] 🖼️  生成图片 11/20: 多领域处于全球第一梯队“十五五”期间中国加速迈向创新型国家行... (尝试 1/6)
[06:08:30] ✅ 图片 11/20 生成成功且质量合格
[06:08:30] 🖼️  生成图片 12/20: 外交部新闻（）... (尝试 1/6)
[06:08:30] ⏳ 请求限流: 等待 6.0 秒...
[06:09:58] ✅ 图片 12/20 生成成功且质量合格
[06:09:58] 🖼️  生成图片 13/20: 两会新华鲜报中国担当！为世界注入确定性... (尝试 1/6)
[06:11:29] ✅ 图片 13/20 生成成功且质量合格
[06:11:29] 🖼️  生成图片 14/20: 202635 's ...... (尝试 1/6)
[06:11:30] ✅ 图片 14/20 生成成功且质量合格
[06:11:30] 🖼️  生成图片 15/20: 外交部发言人林剑主持例行记者会... (尝试 1/6)
[06:11:30] ⏳ 请求限流: 等待 6.2 秒...
[06:12:58] ⚠️  图片 15 质量不达标，重新生成...
[06:12:58] ⏳ 等待 25 秒...
[06:13:23] 🖼️  生成图片 15/20: 外交部发言人林剑主持例行记者会... (尝试 2/6)
[06:13:26] ✅ 图片 15/20 生成成功且质量合格
[06:13:26] 🖼️  生成图片 16/20: 外交部发言人林剑主持例行记者会中华人民共和国外交部... (尝试 1/6)
[06:13:26] ⏳ 请求限流: 等待 5.7 秒...
[06:14:29] ✅ 图片 16/20 生成成功且质量合格
[06:14:29] 🖼️  生成图片 17/20: 外交部发言人林剑主持例行记者会中华人民共和国常驻联合国代表团... (尝试 1/6)
[06:15:59] ✅ 图片 17/20 生成成功且质量合格
[06:15:59] 🖼️  生成图片 18/20: 外交部发言人林剑主持例行记者会... (尝试 1/6)
[06:16:01] ✅ 图片 18/20 生成成功且质量合格
[06:16:01] 🖼️  生成图片 19/20: 形势政策系列报告会第五场报告会在北京举行... (尝试 1/6)
[06:16:01] ⏳ 请求限流: 等待 6.3 秒...
[06:17:31] ✅ 图片 19/20 生成成功且质量合格
[06:17:31] 🖼️  生成图片 20/20: 外交部发言人毛宁主持例行记者会... (尝试 1/6)
[06:17:34] ✅ 图片 20/20 生成成功且质量合格
[06:17:34] 🖼️  生成图片 1/20: 车牌反光驾驶拒检沿路逃窜撞4车酿3伤最新快讯... (尝试 1/6)
[06:17:34] ⏳ 请求限流: 等待 5.6 秒...
[06:19:01] ✅ 图片 1/20 生成成功且质量合格
[06:19:01] 🔍 步骤 3/5: 检查内容和图片质量
[06:19:01] ✅ 新闻 1 内容长度: 165 字符
[06:19:01] ✅ 新闻 1 图片质量: 78.7KB
[06:19:01] ✅ 新闻 2 内容长度: 202 字符
[06:19:01] ✅ 新闻 2 图片质量: 83.7KB
[06:19:01] ✅ 新闻 3 内容长度: 161 字符
[06:19:01] ✅ 新闻 3 图片质量: 66.2KB
[06:19:01] ✅ 新闻 4 内容长度: 160 字符
[06:19:01] ✅ 新闻 4 图片质量: 75.1KB
[06:19:01] ✅ 新闻 5 内容长度: 161 字符
[06:19:01] ✅ 新闻 5 图片质量: 64.4KB
[06:19:01] ✅ 新闻 6 内容长度: 161 字符
[06:19:01] ✅ 新闻 6 图片质量: 84.2KB
[06:19:01] ✅ 新闻 7 内容长度: 202 字符
[06:19:01] ✅ 新闻 7 图片质量: 74.5KB
[06:19:01] ✅ 新闻 8 内容长度: 202 字符
[06:19:01] ✅ 新闻 8 图片质量: 77.8KB
[06:19:01] ✅ 新闻 9 内容长度: 202 字符
[06:19:01] ✅ 新闻 9 图片质量: 60.9KB
[06:19:01] ✅ 新闻 10 内容长度: 202 字符
[06:19:01] ✅ 新闻 10 图片质量: 67.0KB
[06:19:01] ✅ 新闻 11 内容长度: 155 字符
[06:19:01] ✅ 新闻 11 图片质量: 77.9KB
[06:19:01] ✅ 新闻 12 内容长度: 202 字符
[06:19:01] ✅ 新闻 12 图片质量: 53.6KB
[06:19:01] ✅ 新闻 13 内容长度: 151 字符
[06:19:01] ✅ 新闻 13 图片质量: 66.5KB
[06:19:01] ✅ 新闻 14 内容长度: 154 字符
[06:19:01] ✅ 新闻 14 图片质量: 85.0KB
[06:19:01] ✅ 新闻 15 内容长度: 163 字符
[06:19:01] ✅ 新闻 15 图片质量: 80.0KB
[06:19:01] ✅ 新闻 16 内容长度: 198 字符
[06:19:01] ✅ 新闻 16 图片质量: 58.1KB
[06:19:01] ✅ 新闻 17 内容长度: 171 字符
[06:19:01] ✅ 新闻 17 图片质量: 91.8KB
[06:19:01] ✅ 新闻 18 内容长度: 163 字符
[06:19:01] ✅ 新闻 18 图片质量: 63.6KB
[06:19:01] ✅ 新闻 19 内容长度: 161 字符
[06:19:01] ✅ 新闻 19 图片质量: 87.7KB
[06:19:01] ✅ 新闻 20 内容长度: 178 字符
[06:19:01] ✅ 新闻 20 图片质量: 57.2KB
[06:19:01] ✅ 质量检查通过
[06:19:01] 📝 步骤 4/5: 创建 HTML 页面
[06:19:01] ✅ HTML 创建成功: /home/swg/.openclaw/workspace/news-blog/index.html
[06:19:01] 🚀 步骤 5/5: 上传到 GitHub
[06:19:07] ✅ 上传成功
[06:19:07] ============================================================
[06:19:07] 🎉 更新完成！
[06:19:07] 🌐 https://yww001.github.io/news-blog/
[06:19:07] 📊 质量: ✅ 合格
[06:19:07] 📷 生成: 20 张图片
[06:19:07] 📰 新闻: 20 条
[06:19:07] ============================================================
[09:08:07] ============================================================
[09:08:07] 开始更新新闻博客 - 2026-05-03 09:08:07.882636
[09:08:07] ============================================================
[09:08:07] 📡 步骤 1/5: 搜索 20 条真实新闻
[09:08:13] ✅ 搜索成功: 找到 20 条新闻
[09:08:14] 🎨 步骤 2/5: 并行生成 20 张图片（2个线程）
[09:08:14] 📊 质量标准: 文件50KB-800KB, 宽≥1024, 高≥576, 比例16:9
[09:08:14] ⚡ API限流应对: 失败自动重试最多6次，每次间隔递增等待
[09:08:14] 🖼️  生成图片 2/20: 20260305 精选新闻... (尝试 1/6)
[09:08:14] ⏳ 请求限流: 等待 8.0 秒...
[09:08:23] ✅ 图片 2/20 生成成功且质量合格
[09:08:23] 🖼️  生成图片 3/20: 朝刊 （日） - 朝日新闻... (尝试 1/6)
[09:08:23] ⏳ 请求限流: 等待 6.7 秒...
[09:11:53] ⚠️  图片 3 生成失败: 🎨 Generating image...
   Prompt: Realistic news photography: （ ） -. breaking news, current ev...
   
[09:11:53] ⏳ 等待 25 秒后重试...
[09:12:18] 🖼️  生成图片 3/20: 朝刊 （日） - 朝日新闻... (尝试 2/6)
[09:12:20] ✅ 图片 3/20 生成成功且质量合格
[09:12:20] 🖼️  生成图片 4/20: 5月3日国际新闻简讯 - 新唐人电视台... (尝试 1/6)
[09:12:20] ⏳ 请求限流: 等待 6.4 秒...
[09:13:50] ✅ 图片 4/20 生成成功且质量合格
[09:13:50] 🖼️  生成图片 5/20: 外交突围!总统出访史瓦帝尼"任何国家无权阻挡台湾"台视午间新... (尝试 1/6)
[09:15:20] ✅ 图片 5/20 生成成功且质量合格
[09:15:20] 🖼️  生成图片 6/20: 军事情报局俄罗斯前线彻底崩了！俄军真的人吃人泰晤士报铁证 .... (尝试 1/6)
[09:16:50] ✅ 图片 6/20 生成成功且质量合格
[09:16:50] 🖼️  生成图片 7/20: 川习会是否能如期举行亚太新闻片段2026-03-05... (尝试 1/6)
[09:18:20] ✅ 图片 7/20 生成成功且质量合格
[09:18:20] 🖼️  生成图片 8/20: 中国科技加速跃迁，“十五五”按下创新产业化加速键 - 新闻-... (尝试 1/6)
[09:19:50] ✅ 图片 8/20 生成成功且质量合格
[09:19:50] 🖼️  生成图片 9/20: 扎实推动科技创新与产业创新深度融合 - 光明网-理论频道... (尝试 1/6)
[09:21:20] ✅ 图片 9/20 生成成功且质量合格
[09:21:20] 🖼️  生成图片 10/20: 中国新五年计划聚焦未来科技：加速自主研发应对地缘挑战... (尝试 1/6)
[09:22:50] ✅ 图片 10/20 生成成功且质量合格
[09:22:50] 🖼️  生成图片 11/20: 2026年政府工作报告：打造智能经济新形态。十五五规划纲要... (尝试 1/6)
[09:24:20] ✅ 图片 11/20 生成成功且质量合格
[09:24:20] 🖼️  生成图片 12/20: 视频未来五年 新兴支柱产业和未来产业成为新动能 - 21经济... (尝试 1/6)
[09:25:50] ✅ 图片 12/20 生成成功且质量合格
[09:25:50] 🖼️  生成图片 13/20: 两会热词在基层活力中国：向“新”而行 以“质”致远... (尝试 1/6)
[09:27:20] ✅ 图片 13/20 生成成功且质量合格
[09:27:20] 🖼️  生成图片 14/20: 多领域处于全球第一梯队“十五五”期间中国加速迈向创新型国家 ... (尝试 1/6)
[09:28:50] ✅ 图片 14/20 生成成功且质量合格
[09:28:50] 🖼️  生成图片 15/20: 外交部新闻（）... (尝试 1/6)
[09:30:20] ⚠️  图片 15 质量不达标，重新生成...
[09:30:20] ⏳ 等待 25 秒...
[09:30:45] 🖼️  生成图片 15/20: 外交部新闻（）... (尝试 2/6)
[09:31:50] ✅ 图片 15/20 生成成功且质量合格
[09:31:50] 🖼️  生成图片 16/20: 202635 's ...... (尝试 1/6)
[09:33:20] ✅ 图片 16/20 生成成功且质量合格
[09:33:20] 🖼️  生成图片 17/20: 外交部发言人林剑主持例行记者会... (尝试 1/6)
[09:34:50] ✅ 图片 17/20 生成成功且质量合格
[09:34:50] 🖼️  生成图片 18/20: 外交部发言人林剑主持例行记者会中华人民共和国外交部... (尝试 1/6)
[09:36:20] ✅ 图片 18/20 生成成功且质量合格
[09:36:20] 🖼️  生成图片 19/20: 外交部发言人林剑主持例行记者会中华人民共和国常驻联合国代表团... (尝试 1/6)
[09:37:50] ✅ 图片 19/20 生成成功且质量合格
[09:37:50] 🖼️  生成图片 20/20: 形势政策系列报告会第五场报告会在北京举行... (尝试 1/6)
[09:39:20] ✅ 图片 20/20 生成成功且质量合格
[09:39:20] 🖼️  生成图片 1/20: 八度空间午间新闻 12:30 网络直播今日焦点女子 ...... (尝试 1/6)
[09:40:50] ✅ 图片 1/20 生成成功且质量合格
[09:40:50] 🔍 步骤 3/5: 检查内容和图片质量
[09:40:50] ✅ 新闻 1 内容长度: 151 字符
[09:40:50] ✅ 新闻 1 图片质量: 69.6KB
[09:40:50] ✅ 新闻 2 内容长度: 165 字符
[09:40:50] ✅ 新闻 2 图片质量: 82.2KB
[09:40:50] ✅ 新闻 3 内容长度: 202 字符
[09:40:50] ✅ 新闻 3 图片质量: 65.3KB
[09:40:50] ✅ 新闻 4 内容长度: 160 字符
[09:40:50] ✅ 新闻 4 图片质量: 65.6KB
[09:40:50] ✅ 新闻 5 内容长度: 163 字符
[09:40:50] ✅ 新闻 5 图片质量: 54.5KB
[09:40:50] ✅ 新闻 6 内容长度: 174 字符
[09:40:50] ✅ 新闻 6 图片质量: 88.1KB
[09:40:50] ✅ 新闻 7 内容长度: 153 字符
[09:40:50] ✅ 新闻 7 图片质量: 51.9KB
[09:40:50] ✅ 新闻 8 内容长度: 202 字符
[09:40:50] ✅ 新闻 8 图片质量: 77.8KB
[09:40:50] ✅ 新闻 9 内容长度: 161 字符
[09:40:50] ✅ 新闻 9 图片质量: 70.5KB
[09:40:50] ✅ 新闻 10 内容长度: 202 字符
[09:40:50] ✅ 新闻 10 图片质量: 67.0KB
[09:40:50] ✅ 新闻 11 内容长度: 202 字符
[09:40:50] ✅ 新闻 11 图片质量: 71.0KB
[09:40:50] ✅ 新闻 12 内容长度: 202 字符
[09:40:50] ✅ 新闻 12 图片质量: 84.7KB
[09:40:50] ✅ 新闻 13 内容长度: 202 字符
[09:40:50] ✅ 新闻 13 图片质量: 89.9KB
[09:40:50] ✅ 新闻 14 内容长度: 150 字符
[09:40:50] ✅ 新闻 14 图片质量: 74.5KB
[09:40:50] ✅ 新闻 15 内容长度: 202 字符
[09:40:50] ✅ 新闻 15 图片质量: 84.0KB
[09:40:50] ✅ 新闻 16 内容长度: 154 字符
[09:40:50] ✅ 新闻 16 图片质量: 64.4KB
[09:40:50] ✅ 新闻 17 内容长度: 163 字符
[09:40:50] ✅ 新闻 17 图片质量: 57.6KB
[09:40:50] ✅ 新闻 18 内容长度: 198 字符
[09:40:50] ✅ 新闻 18 图片质量: 61.4KB
[09:40:50] ✅ 新闻 19 内容长度: 171 字符
[09:40:50] ✅ 新闻 19 图片质量: 103.6KB
[09:40:50] ✅ 新闻 20 内容长度: 161 字符
[09:40:50] ✅ 新闻 20 图片质量: 88.2KB
[09:40:50] ✅ 质量检查通过
[09:40:50] 📝 步骤 4/5: 创建 HTML 页面
[09:40:50] ✅ HTML 创建成功: /home/swg/.openclaw/workspace/news-blog/index.html
[09:40:50] 🚀 步骤 5/5: 上传到 GitHub
