[22:01:28] ============================================================
[22:01:28] 开始更新新闻博客 - 2026-05-05 22:01:28.509268
[22:01:28] ============================================================
[22:01:28] 📡 步骤 1/5: 搜索 20 条真实新闻
[22:01:35] ✅ 搜索成功: 找到 20 条新闻
[22:01:35] 🎨 步骤 2/5: 并行生成 20 张图片（2个线程）
[22:01:35] 📊 质量标准: 文件50KB-800KB, 宽≥1024, 高≥576, 比例16:9
[22:01:35] ⚡ API限流应对: 失败自动重试最多6次，每次间隔递增等待
[22:01:35] 🖼️  生成图片 1/20: 八度空间午间新闻 12:30 网络直播今日焦点侮辱 ...... (尝试 1/6)
[22:01:35] ⏳ 请求限流: 等待 20.0 秒...
[22:01:56] ✅ 图片 1/20 生成成功且质量合格
[22:01:56] 🖼️  生成图片 3/20: 禁闻北京首下禁令对抗美国制裁 企业陷两难 伊朗石油 川习会 ... (尝试 1/6)
[22:01:56] ⏳ 请求限流: 等待 18.3 秒...
[22:03:27] ✅ 图片 3/20 生成成功且质量合格
[22:03:27] 🖼️  生成图片 4/20: 新闻直击政变？！克宫异动普京躲进地堡！ 阿联酋油轮遭袭 伊朗... (尝试 1/6)
[22:04:56] ✅ 图片 4/20 生成成功且质量合格
[22:04:56] 🖼️  生成图片 5/20: 五一长假大陆惨案频发三天死伤近40人 开车冲撞人群... (尝试 1/6)
[22:04:58] ✅ 图片 5/20 生成成功且质量合格
[22:04:58] 🖼️  生成图片 6/20: 新闻直击美军护航霍峡川普军机抵京伊朗崩溃倒数 自由计划... (尝试 1/6)
[22:04:58] ⏳ 请求限流: 等待 17.9 秒...
[22:06:26] ✅ 图片 6/20 生成成功且质量合格
[22:06:26] 🖼️  生成图片 7/20: 一线漫谈史上最可怕献忠？ 一篇看懂东航真相 - 新唐人电视台... (尝试 1/6)
[22:07:58] ✅ 图片 7/20 生成成功且质量合格
[22:07:58] 🖼️  生成图片 8/20: 六大部委释放2026关键信号，大湾区这些产业要飞... (尝试 1/6)
[22:10:00] ✅ 图片 8/20 生成成功且质量合格
[22:10:00] 🖼️  生成图片 9/20: 经济总量连续跨越新关口 - 求是... (尝试 1/6)
