[07:03:01] ============================================================
[07:03:01] 开始更新新闻博客 - 2026-05-01 07:03:01.799463
[07:03:01] ============================================================
[07:03:01] 📡 步骤 1/5: 搜索 20 条真实新闻
[07:03:08] ✅ 搜索成功: 找到 20 条新闻
[07:03:08] 🎨 步骤 2/5: 并行生成 20 张图片（2个线程）
[07:03:08] 📊 质量标准: 文件50KB-800KB, 宽≥800, 高≥450, 比例16:9
[07:03:08] ⚡ API限流应对: 失败自动重试最多6次，每次间隔递增等待
[07:03:08] 🖼️  生成图片 2/20: 柬埔寨扫荡3诈骗园区千人暴动遭军警镇压警方鸣枪示警军队出动强... (尝试 1/6)
[07:03:08] ⏳ 请求限流: 等待 8.0 秒...
[07:03:18] ✅ 图片 2/20 生成成功且质量合格
[07:03:18] 🖼️  生成图片 3/20: 检调搜索鸿海土城厂区疑员工涉及特别背信罪台视晨间新闻... (尝试 1/6)
[07:03:18] ⏳ 请求限流: 等待 5.9 秒...
[07:04:48] ✅ 图片 3/20 生成成功且质量合格
[07:04:48] 🖼️  生成图片 4/20: 新闻直击实锤！普京出手挺伊以军火力全开 伊朗战场... (尝试 1/6)
[07:06:13] ============================================================
[07:06:13] 开始更新新闻博客 - 2026-05-01 07:06:13.419920
[07:06:13] ============================================================
[07:06:13] 📡 步骤 1/5: 搜索 20 条真实新闻
[07:06:17] ✅ 搜索成功: 找到 20 条新闻
[07:06:17] 🎨 步骤 2/5: 并行生成 20 张图片（2个线程）
[07:06:17] 📊 质量标准: 文件50KB-800KB, 宽≥800, 高≥450, 比例16:9
[07:06:17] ⚡ API限流应对: 失败自动重试最多6次，每次间隔递增等待
[07:06:17] 🖼️  生成图片 1/20: 穆杰塔巴再发强硬表态川普否认谈判陷僵局查尔斯结束 ...... (尝试 1/6)
[07:06:17] ⏳ 请求限流: 等待 8.0 秒...
[07:07:48] ✅ 图片 1/20 生成成功且质量合格
[07:07:48] 🖼️  生成图片 3/20: 检调搜索鸿海土城厂区疑员工涉及特别背信罪台视晨间新闻... (尝试 1/6)
[07:07:49] ✅ 图片 3/20 生成成功且质量合格
[07:07:49] 🖼️  生成图片 4/20: 新闻直击实锤！普京出手挺伊以军火力全开 伊朗战场... (尝试 1/6)
[07:07:49] ⏳ 请求限流: 等待 6.6 秒...
[07:07:57] ✅ 图片 4/20 生成成功且质量合格
[07:07:57] 🖼️  生成图片 5/20: 一周大事 新闻专题 中央社... (尝试 1/6)
[07:07:57] ⏳ 请求限流: 等待 7.1 秒...
[07:09:18] ✅ 图片 5/20 生成成功且质量合格
[07:09:18] 🖼️  生成图片 6/20: 广州日报... (尝试 1/6)
[07:10:48] ✅ 图片 6/20 生成成功且质量合格
[07:10:48] 🖼️  生成图片 7/20: 2026十大产业前瞻——科技创新与产业创新深度融合 - 中国... (尝试 1/6)
[07:11:18] ============================================================
[07:11:18] 开始更新新闻博客 - 2026-05-01 07:11:18.490543
[07:11:18] ============================================================
[07:11:18] 📡 步骤 1/5: 搜索 20 条真实新闻
[07:11:22] ✅ 搜索成功: 找到 20 条新闻
[07:11:22] 🎨 步骤 2/5: 并行生成 20 张图片（2个线程）
[07:11:22] 📊 质量标准: 文件50KB-800KB, 宽≥800, 高≥450, 比例16:9
[07:11:22] ⚡ API限流应对: 失败自动重试最多6次，每次间隔递增等待
[07:11:22] 🖼️  生成图片 2/20: 柬埔寨扫荡3诈骗园区千人暴动遭军警镇压警方鸣枪示警军队出动强... (尝试 1/6)
[07:11:22] ⏳ 请求限流: 等待 8.0 秒...
[07:11:31] ⚠️  图片 2 触发API限流，增加等待时间...
[07:11:31] ⏳ 限流等待 90 秒...
[07:13:59] ============================================================
[07:13:59] 开始更新新闻博客 - 2026-05-01 07:13:59.415028
[07:13:59] ============================================================
[07:13:59] 📡 步骤 1/5: 搜索 20 条真实新闻
[07:14:03] ✅ 搜索成功: 找到 20 条新闻
[07:14:03] 🎨 步骤 2/5: 并行生成 20 张图片（2个线程）
[07:14:03] 📊 质量标准: 文件50KB-800KB, 宽≥800, 高≥450, 比例16:9
[07:14:03] ⚡ API限流应对: 失败自动重试最多6次，每次间隔递增等待
[07:14:03] 🖼️  生成图片 2/20: 柬埔寨扫荡3诈骗园区千人暴动遭军警镇压警方鸣枪示警军队出动强... (尝试 1/6)
[07:14:03] ⏳ 请求限流: 等待 8.0 秒...
[07:14:12] ✅ 图片 2/20 生成成功且质量合格
[07:14:12] 🖼️  生成图片 3/20: 检调搜索鸿海土城厂区疑员工涉及特别背信罪台视晨间新闻... (尝试 1/6)
[07:14:12] ⏳ 请求限流: 等待 6.5 秒...
[07:15:42] ✅ 图片 3/20 生成成功且质量合格
[07:15:42] 🖼️  生成图片 4/20: 新闻直击实锤！普京出手挺伊以军火力全开 伊朗战场... (尝试 1/6)
[07:17:12] ✅ 图片 4/20 生成成功且质量合格
[07:17:12] 🖼️  生成图片 5/20: 一周大事 新闻专题 中央社... (尝试 1/6)
[07:18:42] ✅ 图片 5/20 生成成功且质量合格
[07:18:42] 🖼️  生成图片 6/20: 广州日报... (尝试 1/6)
[07:20:12] ✅ 图片 6/20 生成成功且质量合格
[07:20:12] 🖼️  生成图片 7/20: 2026十大产业前瞻——科技创新与产业创新深度融合 - 中国... (尝试 1/6)
[07:21:42] ✅ 图片 7/20 生成成功且质量合格
[07:21:42] 🖼️  生成图片 8/20: 2026科技风向标：八大趋势重塑产业与生活 - 21经济网... (尝试 1/6)
[07:23:12] ✅ 图片 8/20 生成成功且质量合格
[07:23:12] 🖼️  生成图片 9/20: 一批“十五五”时期高技术产业标志性引领性重大工程正谋划推进（... (尝试 1/6)
[07:24:58] ============================================================
[07:24:58] 开始更新新闻博客 - 2026-05-01 07:24:58.825625
[07:24:58] ============================================================
[07:25:18] ============================================================
[07:25:18] 开始更新新闻博客 - 2026-05-01 07:25:18.019375
[07:25:18] ============================================================
[07:26:01] ============================================================
[07:26:01] 开始更新新闻博客 - 2026-05-01 07:26:01.247978
[07:26:01] ============================================================
[07:26:10] ============================================================
[07:26:10] 开始更新新闻博客 - 2026-05-01 07:26:10.726443
[07:26:10] ============================================================
[07:27:08] ============================================================
[07:27:08] 开始更新新闻博客 - 2026-05-01 07:27:08.353036
[07:27:08] ============================================================
[07:27:08] 📡 步骤 1/5: 搜索 20 条真实新闻
[07:27:12] ✅ 搜索成功: 找到 20 条新闻
[07:27:12] 🎨 步骤 2/5: 并行生成 20 张图片（2个线程）
[07:27:12] 📊 质量标准: 文件50KB-800KB, 宽≥800, 高≥450, 比例16:9
[07:27:12] ⚡ API限流应对: 失败自动重试最多6次，每次间隔递增等待
[07:27:12] 🖼️  生成图片 2/20: 柬埔寨扫荡3诈骗园区千人暴动遭军警镇压警方鸣枪示警军队出动强... (尝试 1/6)
[07:27:12] ⏳ 请求限流: 等待 8.0 秒...
[07:27:21] ✅ 图片 2/20 生成成功且质量合格
[07:27:21] 🖼️  生成图片 3/20: 检调搜索鸿海土城厂区疑员工涉及特别背信罪台视晨间新闻... (尝试 1/6)
[07:27:21] ⏳ 请求限流: 等待 6.5 秒...
[07:28:51] ✅ 图片 3/20 生成成功且质量合格
[07:28:51] 🖼️  生成图片 4/20: 新闻直击实锤！普京出手挺伊以军火力全开 伊朗战场... (尝试 1/6)
[07:30:21] ✅ 图片 4/20 生成成功且质量合格
[07:30:21] 🖼️  生成图片 5/20: 一周大事 新闻专题 中央社... (尝试 1/6)
[07:32:09] ============================================================
[07:32:09] 开始更新新闻博客 - 2026-05-01 07:32:09.931421
[07:32:09] ============================================================
[07:32:09] 📡 步骤 1/5: 搜索 5 条真实新闻
[07:32:11] ✅ 搜索成功: 找到 5 条新闻
[07:32:11] 🎨 步骤 2/5: 并行生成 5 张图片（2个线程）
[07:32:11] 📊 质量标准: 文件50KB-800KB, 宽≥800, 高≥450, 比例16:9
[07:32:11] ⚡ API限流应对: 失败自动重试最多6次，每次间隔递增等待
[07:32:11] 🖼️  生成图片 1/5: 穆杰塔巴再发强硬表态川普否认谈判陷僵局查尔斯结束 ...... (尝试 1/6)
[07:32:11] ⏳ 请求限流: 等待 8.0 秒...
[07:33:21] ✅ 图片 1/5 生成成功且质量合格
[07:33:21] 🖼️  生成图片 3/5: 检调搜索鸿海土城厂区疑员工涉及特别背信罪台视晨间新闻... (尝试 1/6)
[07:33:23] ✅ 图片 3/5 生成成功且质量合格
[07:33:23] 🖼️  生成图片 4/5: 新闻直击实锤！普京出手挺伊以军火力全开 伊朗战场... (尝试 1/6)
[07:33:23] ⏳ 请求限流: 等待 6.6 秒...
[07:33:31] ✅ 图片 4/5 生成成功且质量合格
[07:33:31] 🖼️  生成图片 5/5: 一周大事 新闻专题 中央社... (尝试 1/6)
[07:33:31] ⏳ 请求限流: 等待 6.7 秒...
[07:33:38] ✅ 图片 5/5 生成成功且质量合格
[07:33:38] 🖼️  生成图片 2/5: 柬埔寨扫荡3诈骗园区千人暴动遭军警镇压警方鸣枪示警军队出动强... (尝试 1/6)
[07:33:38] ⏳ 请求限流: 等待 7.2 秒...
[12:21:48] ============================================================
[12:21:48] 开始更新新闻博客 - 2026-05-01 12:21:48.147961
[12:21:48] ============================================================
[12:21:48] 📡 步骤 1/5: 搜索 20 条真实新闻
[12:21:57] ✅ 搜索成功: 找到 20 条新闻
[12:21:57] 🎨 步骤 2/5: 并行生成 20 张图片（2个线程）
[12:21:57] 📊 质量标准: 文件50KB-800KB, 宽≥800, 高≥450, 比例16:9
[12:21:57] ⚡ API限流应对: 失败自动重试最多6次，每次间隔递增等待
[12:21:57] 🖼️  生成图片 1/20: 新闻直击实锤！普京出手挺伊 以军火力全开 伊朗战场 中方研究... (尝试 1/6)
[12:21:57] ⏳ 请求限流: 等待 8.0 秒...
[12:22:06] ✅ 图片 1/20 生成成功且质量合格
[12:22:06] 🖼️  生成图片 3/20: 新闻直击实锤！普京出手挺伊以军火力全开 伊朗战场... (尝试 1/6)
[12:22:06] ⏳ 请求限流: 等待 6.5 秒...
[12:23:36] ✅ 图片 3/20 生成成功且质量合格
[12:23:36] 🖼️  生成图片 4/20: 朝刊 （金） - 朝日新闻... (尝试 1/6)
[12:25:06] ✅ 图片 4/20 生成成功且质量合格
[12:25:06] 🖼️  生成图片 5/20: 国际 世界新闻网... (尝试 1/6)
[12:26:36] ✅ 图片 5/20 生成成功且质量合格
[12:26:36] 🖼️  生成图片 6/20: 新华每日电讯-微报纸... (尝试 1/6)
[12:28:07] ✅ 图片 6/20 生成成功且质量合格
[12:28:07] 🖼️  生成图片 7/20: 2026十大产业前瞻——科技创新与产业创新深度融合 - 中国... (尝试 1/6)
[12:29:36] ✅ 图片 7/20 生成成功且质量合格
[12:29:36] 🖼️  生成图片 8/20: 2026科技风向标：八大趋势重塑产业与生活 - 21财经... (尝试 1/6)
[12:31:07] ✅ 图片 8/20 生成成功且质量合格
[12:31:07] 🖼️  生成图片 9/20: 一批“十五五”时期高技术产业标志性引领性重大工程正谋划推进（... (尝试 1/6)
[13:10:39] ============================================================
[13:10:39] 开始更新新闻博客 - 2026-05-01 13:10:39.832675
[13:10:39] ============================================================
[13:10:39] 📡 步骤 1/5: 搜索 20 条真实新闻
[13:10:58] ✅ 搜索成功: 找到 20 条新闻
[13:10:58] 🎨 步骤 2/5: 并行生成 20 张图片（2个线程）
[13:10:58] 📊 质量标准: 文件50KB-800KB, 宽≥800, 高≥450, 比例16:9
[13:10:58] ⚡ API限流应对: 失败自动重试最多6次，每次间隔递增等待
[13:10:58] 🖼️  生成图片 2/20: 法新社+国际新闻... (尝试 1/6)
[13:10:58] ⏳ 请求限流: 等待 8.0 秒...
[13:11:08] ✅ 图片 2/20 生成成功且质量合格
[13:11:08] 🖼️  生成图片 3/20: 20260105 精选新闻... (尝试 1/6)
[13:11:08] ⏳ 请求限流: 等待 5.7 秒...
[13:14:14] 🖼️  生成图片 4/20: の记事一覧 - 朝日新闻... (尝试 1/6)
[13:14:16] ✅ 图片 4/20 生成成功且质量合格
[13:14:16] 🖼️  生成图片 5/20: 新闻直击实锤！普京出手挺伊以军火力全开 伊朗战场... (尝试 1/6)
[13:14:16] ⏳ 请求限流: 等待 6.3 秒...
[13:15:46] ✅ 图片 5/20 生成成功且质量合格
[13:15:46] 🖼️  生成图片 6/20: 国际- 中文... (尝试 1/6)
[13:17:16] ✅ 图片 6/20 生成成功且质量合格
[13:17:16] 🖼️  生成图片 7/20: 新华每日电讯-微报纸... (尝试 1/6)
[13:18:46] ✅ 图片 7/20 生成成功且质量合格
[13:18:46] 🖼️  生成图片 8/20: 2026十大产业前瞻——科技创新与产业创新深度融合 - 中国... (尝试 1/6)
[13:20:16] ✅ 图片 8/20 生成成功且质量合格
[13:20:16] 🖼️  生成图片 9/20: 2026科技风向标：八大趋势重塑产业与生活 - 21财经... (尝试 1/6)
[13:33:48] ============================================================
[13:33:48] 开始更新新闻博客 - 2026-05-01 13:33:48.320015
[13:33:48] ============================================================
[13:33:48] 📡 步骤 1/5: 搜索 20 条真实新闻
[13:33:53] ✅ 搜索成功: 找到 20 条新闻
[13:33:53] 🎨 步骤 2/5: 并行生成 20 张图片（2个线程）
[13:33:53] 📊 质量标准: 文件50KB-800KB, 宽≥800, 高≥450, 比例16:9
[13:33:53] ⚡ API限流应对: 失败自动重试最多6次，每次间隔递增等待
[13:33:53] 🖼️  生成图片 1/20: 一周大事件（） - 普通话电台... (尝试 1/6)
[13:33:53] ⏳ 请求限流: 等待 8.0 秒...
[13:34:02] ✅ 图片 1/20 生成成功且质量合格
[13:34:02] 🖼️  生成图片 3/20: 20260105 精选新闻... (尝试 1/6)
[13:34:02] ⏳ 请求限流: 等待 6.6 秒...
[13:35:32] ✅ 图片 3/20 生成成功且质量合格
[13:35:32] 🖼️  生成图片 4/20: の记事一覧 - 朝日新闻... (尝试 1/6)
[13:37:03] ✅ 图片 4/20 生成成功且质量合格
[13:37:03] 🖼️  生成图片 5/20: 新闻直击实锤！普京出手挺伊以军火力全开 伊朗战场... (尝试 1/6)
[13:38:32] ✅ 图片 5/20 生成成功且质量合格
[13:38:32] 🖼️  生成图片 6/20: 国际- 中文... (尝试 1/6)
[13:40:02] ✅ 图片 6/20 生成成功且质量合格
[13:40:02] 🖼️  生成图片 7/20: 新华每日电讯-微报纸... (尝试 1/6)
[13:41:33] ✅ 图片 7/20 生成成功且质量合格
[13:41:33] 🖼️  生成图片 8/20: 2026十大产业前瞻——科技创新与产业创新深度融合 - 中国... (尝试 1/6)
[13:43:02] ✅ 图片 8/20 生成成功且质量合格
[13:43:02] 🖼️  生成图片 9/20: 2026科技风向标：八大趋势重塑产业与生活 - 21财经... (尝试 1/6)
[13:51:44] ============================================================
[13:51:44] 开始快速更新新闻博客 - 2026-05-01 13:51:44.531414
[13:51:44] ============================================================
[13:51:44] 📡 步骤 1/5: 获取 20 条新闻
[13:51:44] ✅ 获取成功: 19 条新闻
[13:51:44] 🎨 步骤 2/5: 生成 19 张图片
[13:51:44] 📁 已有图片: 8 张
[13:51:44] ✅ 图片 1/19 已存在
[13:51:44] ✅ 图片 2/19 已存在
[13:51:44] ✅ 图片 3/19 已存在
[13:51:44] ✅ 图片 4/19 已存在
[13:51:44] ✅ 图片 5/19 已存在
[13:51:44] ✅ 图片 6/19 已存在
[13:51:44] ✅ 图片 7/19 已存在
[13:51:44] ✅ 图片 8/19 已存在
[13:51:44] 🖼️  生成图片 9/19
[13:51:46] ✅ 图片 9/19 生成成功
[13:51:46] 🖼️  生成图片 10/19
[13:53:16] ✅ 图片 10/19 生成成功
[13:53:16] 🖼️  生成图片 11/19
[13:54:46] ✅ 图片 11/19 生成成功
[13:54:46] 🖼️  生成图片 12/19
[13:56:16] ✅ 图片 12/19 生成成功
[13:56:16] 🖼️  生成图片 13/19
[13:57:46] ✅ 图片 13/19 生成成功
[13:57:46] 🖼️  生成图片 14/19
[13:58:56] ⚠️  图片 14 生成失败，使用占位图
[13:58:56] 🖼️  生成图片 15/19
[13:58:57] ⚠️  图片 15 生成失败，使用占位图
[13:58:57] 🖼️  生成图片 16/19
[13:58:58] ⚠️  图片 16 生成失败，使用占位图
[13:58:58] 🖼️  生成图片 17/19
[13:58:59] ⚠️  图片 17 生成失败，使用占位图
[13:58:59] 🖼️  生成图片 18/19
[13:59:00] ⚠️  图片 18 生成失败，使用占位图
[13:59:00] 🖼️  生成图片 19/19
[13:59:02] ⚠️  图片 19 生成失败，使用占位图
[13:59:02] 📝 步骤 4/5: 创建 HTML 页面
[13:59:02] ✅ HTML 创建成功: /home/swg/.openclaw/workspace/news-blog/index.html
[13:59:02] 🚀 步骤 5/5: 上传到 GitHub
[13:59:10] ✅ 上传成功
[13:59:10] ============================================================
[13:59:10] 🎉 更新完成！
[13:59:10] 🌐 https://yww001.github.io/news-blog/
[13:59:10] 📰 新闻: 19 条
[13:59:10] 📷 图片: 19 张
[13:59:10] ============================================================
[14:05:19] ============================================================
[14:05:19] 开始快速更新新闻博客 - 2026-05-01 14:05:19.374329
[14:05:19] ============================================================
[14:05:19] 📡 步骤 1/5: 获取 20 条新闻
[14:05:19] ✅ 获取成功: 20 条新闻
[14:05:19] 🎨 步骤 2/5: 生成 20 张图片
[14:05:19] 📁 已有图片: 13 张
[14:05:19] ✅ 图片 1/20 已存在
[14:05:19] ✅ 图片 2/20 已存在
[14:05:19] ✅ 图片 3/20 已存在
[14:05:19] ✅ 图片 4/20 已存在
[14:05:19] ✅ 图片 5/20 已存在
[14:05:19] ✅ 图片 6/20 已存在
[14:05:19] ✅ 图片 7/20 已存在
[14:05:19] ✅ 图片 8/20 已存在
[14:05:19] ✅ 图片 9/20 已存在
[14:05:19] ✅ 图片 10/20 已存在
[14:05:19] ✅ 图片 11/20 已存在
[14:05:19] ✅ 图片 12/20 已存在
[14:05:19] ✅ 图片 13/20 已存在
[14:05:19] 🖼️  生成图片 14/20
[14:05:21] ✅ 图片 14/20 生成成功
[14:05:21] 🖼️  生成图片 15/20
[14:06:53] ✅ 图片 15/20 生成成功
[14:06:53] 🖼️  生成图片 16/20
[14:08:22] ✅ 图片 16/20 生成成功
[14:08:22] 🖼️  生成图片 17/20
[14:09:51] ✅ 图片 17/20 生成成功
[14:09:51] 🖼️  生成图片 18/20
[14:11:21] ✅ 图片 18/20 生成成功
[14:11:21] 🖼️  生成图片 19/20
[14:12:51] ✅ 图片 19/20 生成成功
[14:12:51] 🖼️  生成图片 20/20
[14:14:21] ✅ 图片 20/20 生成成功
[14:14:21] 📝 步骤 4/5: 创建 HTML 页面
[14:14:21] ✅ HTML 创建成功: /home/swg/.openclaw/workspace/news-blog/index.html
[14:14:21] 🚀 步骤 5/5: 上传到 GitHub
[14:14:28] ✅ 上传成功
[14:14:28] ============================================================
[14:14:28] 🎉 更新完成！
[14:14:28] 🌐 https://yww001.github.io/news-blog/
[14:14:28] 📰 新闻: 20 条
[14:14:28] 📷 图片: 20 张
[14:14:28] ============================================================
