[09:49:19] ============================================================
[09:49:19] 开始更新新闻博客 - 2026-05-04 09:49:19.919332
[09:49:19] ============================================================
[09:49:19] 📡 步骤 1/5: 搜索 20 条真实新闻
[09:49:26] ✅ 搜索成功: 找到 20 条新闻
[09:49:26] 🎨 步骤 2/5: 并行生成 20 张图片（2个线程）
[09:49:26] 📊 质量标准: 文件50KB-800KB, 宽≥1024, 高≥576, 比例16:9
[09:49:26] ⚡ API限流应对: 失败自动重试最多6次，每次间隔递增等待
[09:49:26] 🖼️  生成图片 1/20: 特朗普称伊朗的“新提议”不可接受；“五一”档票房突破5亿元2... (尝试 1/6)
[09:49:26] ⏳ 请求限流: 等待 20.0 秒...
[09:49:48] ✅ 图片 1/20 生成成功且质量合格
[09:49:48] 🖼️  生成图片 3/20: 2 ! ...... (尝试 1/6)
[09:49:48] ⏳ 请求限流: 等待 18.1 秒...
[09:51:17] ✅ 图片 3/20 生成成功且质量合格
[09:51:17] 🖼️  生成图片 4/20: 时事金扫描波斯湾中国船长悲歌东航坠机揭恐怖真相 伊朗... (尝试 1/6)
[09:52:47] ✅ 图片 4/20 生成成功且质量合格
[09:52:47] 🖼️  生成图片 5/20: 新闻拆解揭密：伊朗真正老大竟是他们！ 中东冲突 朗革命卫队... (尝试 1/6)
[09:54:18] ✅ 图片 5/20 生成成功且质量合格
[09:54:18] 🖼️  生成图片 6/20: 军事情报局俄罗斯前线彻底崩了！俄军真的人吃人泰晤士报铁证 .... (尝试 1/6)
[09:55:48] ✅ 图片 6/20 生成成功且质量合格
[09:55:48] 🖼️  生成图片 7/20: 川普可能拒绝和平提议继续战争；+将就石油产量举行会议 ...... (尝试 1/6)
[09:57:18] ✅ 图片 7/20 生成成功且质量合格
[09:57:18] 🖼️  生成图片 8/20: 扎实推动科技创新与产业创新深度融合 - 光明网-理论频道... (尝试 1/6)
[09:58:47] ✅ 图片 8/20 生成成功且质量合格
[09:58:47] 🖼️  生成图片 9/20: 视频未来五年 新兴支柱产业和未来产业成为新动能 - 21经济... (尝试 1/6)
[10:00:18] ✅ 图片 9/20 生成成功且质量合格
[10:00:18] 🖼️  生成图片 10/20: 国新办举行“开局起步'十五五'”系列主题新闻发布会介绍“十五... (尝试 1/6)
[10:01:47] ✅ 图片 10/20 生成成功且质量合格
[10:01:47] 🖼️  生成图片 11/20: 精准把握未来产业的未来性 - 中国经济网... (尝试 1/6)
[10:03:17] ✅ 图片 11/20 生成成功且质量合格
[10:03:17] 🖼️  生成图片 12/20: 新思想引领新征程以科技创新和产业创新深度融合推动建设 ...... (尝试 1/6)
[10:04:51] ✅ 图片 12/20 生成成功且质量合格
[10:04:51] 🖼️  生成图片 13/20: 六大部委释放2026关键信号，大湾区这些产业要飞... (尝试 1/6)
[10:06:17] ✅ 图片 13/20 生成成功且质量合格
[10:06:17] 🖼️  生成图片 14/20: “创新是引领世界发展的重要动力” - 求是网... (尝试 1/6)
[10:07:47] ✅ 图片 14/20 生成成功且质量合格
[10:07:47] 🖼️  生成图片 15/20: 多领域处于全球第一梯队“十五五”期间中国加速迈向创新型国家行... (尝试 1/6)
[10:09:17] ✅ 图片 15/20 生成成功且质量合格
[10:09:17] 🖼️  生成图片 16/20: 外交部发言人就东京审判开庭80周年答记者问... (尝试 1/6)
[10:10:47] ✅ 图片 16/20 生成成功且质量合格
[10:10:47] 🖼️  生成图片 17/20: 从坚决反对霸权到推动秩序变革——学习2026年政府工作报告有... (尝试 1/6)
[10:12:17] ✅ 图片 17/20 生成成功且质量合格
[10:12:17] 🖼️  生成图片 18/20: 奋力开创“十五五”时期外交工作新局面 - 求是网... (尝试 1/6)
[10:13:47] ✅ 图片 18/20 生成成功且质量合格
[10:13:47] 🖼️  生成图片 19/20: 外交部发言人林剑主持例行记者会... (尝试 1/6)
[10:15:17] ✅ 图片 19/20 生成成功且质量合格
[10:15:17] 🖼️  生成图片 20/20: 外交部发言人林剑主持例行记者会中华人民共和国外交部... (尝试 1/6)
[10:16:47] ✅ 图片 20/20 生成成功且质量合格
[10:16:47] 🖼️  生成图片 2/20: 台山核电站运行事件 - 政府资讯中心... (尝试 1/6)
[10:18:17] ✅ 图片 2/20 生成成功且质量合格
[10:18:17] 🔍 步骤 3/5: 检查内容和图片质量
[10:18:17] ✅ 新闻 1 内容长度: 179 字符
[10:18:17] ✅ 新闻 1 图片质量: 86.0KB
[10:18:17] ✅ 新闻 2 内容长度: 193 字符
[10:18:17] ✅ 新闻 2 图片质量: 82.1KB
[10:18:17] ✅ 新闻 3 内容长度: 164 字符
[10:18:17] ✅ 新闻 3 图片质量: 74.1KB
[10:18:17] ✅ 新闻 4 内容长度: 189 字符
[10:18:18] ✅ 新闻 4 图片质量: 76.5KB
[10:18:18] ✅ 新闻 5 内容长度: 175 字符
[10:18:18] ✅ 新闻 5 图片质量: 95.2KB
[10:18:18] ✅ 新闻 6 内容长度: 174 字符
[10:18:18] ✅ 新闻 6 图片质量: 92.7KB
[10:18:18] ✅ 新闻 7 内容长度: 159 字符
[10:18:18] ✅ 新闻 7 图片质量: 55.5KB
[10:18:18] ✅ 新闻 8 内容长度: 161 字符
[10:18:18] ✅ 新闻 8 图片质量: 70.5KB
[10:18:18] ✅ 新闻 9 内容长度: 202 字符
[10:18:18] ✅ 新闻 9 图片质量: 83.3KB
[10:18:18] ✅ 新闻 10 内容长度: 162 字符
[10:18:18] ✅ 新闻 10 图片质量: 65.5KB
[10:18:18] ✅ 新闻 11 内容长度: 159 字符
[10:18:18] ✅ 新闻 11 图片质量: 71.6KB
[10:18:18] ✅ 新闻 12 内容长度: 160 字符
[10:18:18] ✅ 新闻 12 图片质量: 77.3KB
[10:18:18] ✅ 新闻 13 内容长度: 161 字符
[10:18:18] ✅ 新闻 13 图片质量: 90.0KB
[10:18:18] ✅ 新闻 14 内容长度: 163 字符
[10:18:18] ✅ 新闻 14 图片质量: 59.1KB
[10:18:18] ✅ 新闻 15 内容长度: 150 字符
[10:18:18] ✅ 新闻 15 图片质量: 63.5KB
[10:18:18] ✅ 新闻 16 内容长度: 202 字符
[10:18:18] ✅ 新闻 16 图片质量: 56.7KB
[10:18:18] ✅ 新闻 17 内容长度: 166 字符
[10:18:18] ✅ 新闻 17 图片质量: 81.1KB
[10:18:18] ✅ 新闻 18 内容长度: 189 字符
[10:18:18] ✅ 新闻 18 图片质量: 104.2KB
[10:18:18] ✅ 新闻 19 内容长度: 197 字符
[10:18:18] ✅ 新闻 19 图片质量: 63.8KB
[10:18:18] ✅ 新闻 20 内容长度: 152 字符
[10:18:18] ✅ 新闻 20 图片质量: 56.2KB
[10:18:18] ✅ 质量检查通过
[10:18:18] 📝 步骤 4/5: 创建 HTML 页面
[10:18:18] ✅ HTML 创建成功: /home/swg/.openclaw/workspace/news-blog/index.html
[10:18:18] ✅ 生成完成（未上传）
[10:18:18] 📄 HTML 文件: /home/swg/.openclaw/workspace/news-blog/index.html
