[09:22:05] ============================================================
[09:22:05] 开始更新新闻博客 - 2026-05-20 09:22:05.051291
[09:22:05] ============================================================
[09:22:05] 📡 步骤 1/5: 搜索 20 条真实新闻
[09:22:13] ✅ 搜索成功: 找到 20 条新闻
[09:22:13] 🎨 步骤 2/5: 并行生成 20 张图片（2个线程）
[09:22:13] 📊 质量标准: 文件50KB-800KB, 宽≥1024, 高≥576, 比例16:9
[09:22:13] ⚡ API限流应对: 失败自动重试最多6次，每次间隔递增等待
[09:22:13] 🖼️  生成图片 2/20: 新闻- 可持续发展... (尝试 1/6)
[09:22:13] ⏳ 请求限流: 等待 3.0 秒...
[09:22:18] ✅ 图片 2/20 生成成功且质量合格
[09:22:18] 🖼️  生成图片 3/20: 热点新闻中美聚焦- 专注中美关系的评论网站... (尝试 1/6)
[09:22:18] ⏳ 请求限流: 等待 0.3 秒...
[09:22:21] ✅ 图片 3/20 生成成功且质量合格
[09:22:21] 🖼️  生成图片 4/20: 中华民国总统府... (尝试 1/6)
[09:22:21] ⏳ 请求限流: 等待 1.0 秒...
[09:23:50] ✅ 图片 4/20 生成成功且质量合格
[09:23:50] 🖼️  生成图片 5/20: 国家气候中心... (尝试 1/6)
[09:25:21] ✅ 图片 5/20 生成成功且质量合格
[09:25:21] 🖼️  生成图片 6/20: 桃园国际机场... (尝试 1/6)
[09:26:50] ✅ 图片 6/20 生成成功且质量合格
[09:26:50] 🖼️  生成图片 7/20: 017 习近平论科技创新（2026年） - 学习强国... (尝试 1/6)
[09:28:15] ============================================================
[09:28:15] 开始更新新闻博客 - 2026-05-20 09:28:15.416587
[09:28:15] ============================================================
[09:28:15] 📡 步骤 1/5: 搜索 20 条真实新闻
[09:28:19] ✅ 搜索成功: 找到 20 条新闻
[09:28:19] 🎨 步骤 2/5: 并行生成 20 张图片（2个线程）
[09:28:19] 📊 质量标准: 文件50KB-800KB, 宽≥1024, 高≥576, 比例16:9
[09:28:19] ⚡ API限流应对: 失败自动重试最多6次，每次间隔递增等待
[09:28:19] 🖼️  生成图片 2/20: 新闻- 可持续发展... (尝试 1/6)
[09:28:19] ⏳ 请求限流: 等待 3.0 秒...
[09:29:51] ✅ 图片 2/20 生成成功且质量合格
[09:29:51] 🖼️  生成图片 3/20: 热点新闻中美聚焦- 专注中美关系的评论网站... (尝试 1/6)
[09:31:20] ✅ 图片 3/20 生成成功且质量合格
[09:31:20] 🖼️  生成图片 4/20: 中华民国总统府... (尝试 1/6)
[09:32:50] ✅ 图片 4/20 生成成功且质量合格
[09:32:50] 🖼️  生成图片 5/20: 国家气候中心... (尝试 1/6)
