[09:22:19] ============================================================
[09:22:19] 开始更新新闻博客 - 2026-05-21 09:22:19.755144
[09:22:19] ============================================================
[09:22:19] 📡 步骤 1/5: 搜索 20 条真实新闻
[09:22:31] ✅ 搜索成功: 找到 20 条新闻
[09:22:31] 🎨 步骤 2/5: 并行生成 20 张图片（2个线程）
[09:22:31] 📊 质量标准: 文件50KB-800KB, 宽≥1024, 高≥576, 比例16:9
[09:22:31] ⚡ API限流应对: 失败自动重试最多6次，每次间隔递增等待
[09:22:31] 🖼️  生成图片 1/20: 今日焦点()... (尝试 1/6)
[09:22:31] ⏳ 请求限流: 等待 3.0 秒...
[09:22:36] ✅ 图片 1/20 生成成功且质量合格
[09:22:36] 🖼️  生成图片 3/20: 八度空间午间新闻 12:30 网络直播今日焦点选委 ...... (尝试 1/6)
[09:22:36] ⏳ 请求限流: 等待 0.5 秒...
[09:24:06] ✅ 图片 3/20 生成成功且质量合格
[09:24:06] 🖼️  生成图片 4/20: 新闻直击美急封边境！ 川普警告伊朗：很快有事发生 汉坦病毒 ... (尝试 1/6)
[09:25:36] ✅ 图片 4/20 生成成功且质量合格
[09:25:36] 🖼️  生成图片 5/20: 一周大事件（） - 普通话电台... (尝试 1/6)
[09:25:37] ✅ 图片 5/20 生成成功且质量合格
[09:25:37] 🖼️  生成图片 6/20: 速报パンチのサル山侵入 米国籍の大学生の男を逮捕47（よんな... (尝试 1/6)
[09:25:37] ⏳ 请求限流: 等待 1.3 秒...
[09:27:08] ✅ 图片 6/20 生成成功且质量合格
[09:27:08] 🖼️  生成图片 7/20: の记事一覧 - 朝日新闻... (尝试 1/6)
[09:27:45] ============================================================
[09:27:45] 开始更新新闻博客 - 2026-05-21 09:27:45.650402
[09:27:45] ============================================================
[09:27:45] 📡 步骤 1/5: 搜索 20 条真实新闻
[09:27:50] ✅ 搜索成功: 找到 20 条新闻
[09:27:50] 🎨 步骤 2/5: 并行生成 20 张图片（2个线程）
[09:27:50] 📊 质量标准: 文件50KB-800KB, 宽≥1024, 高≥576, 比例16:9
[09:27:50] ⚡ API限流应对: 失败自动重试最多6次，每次间隔递增等待
[09:27:50] 🖼️  生成图片 1/20: 今日焦点()... (尝试 1/6)
[09:27:50] ⏳ 请求限流: 等待 3.0 秒...
[09:27:54] ⚠️  图片 1 触发API限流，增加等待时间...
[09:27:54] ⏳ 限流等待 15 秒...
[09:28:09] 🖼️  生成图片 1/20: 今日焦点()... (尝试 2/6)
[09:28:09] ⚠️  图片 1 触发API限流，增加等待时间...
[09:28:09] ⏳ 限流等待 15 秒...
[09:28:24] 🖼️  生成图片 1/20: 今日焦点()... (尝试 3/6)
[09:28:25] ⚠️  图片 1 触发API限流，增加等待时间...
[09:28:25] ⏳ 限流等待 15 秒...
[09:28:40] 🖼️  生成图片 1/20: 今日焦点()... (尝试 4/6)
[09:30:38] ============================================================
[09:30:38] 开始更新新闻博客 - 2026-05-21 09:30:38.891241
[09:30:38] ============================================================
[09:30:38] 📡 步骤 1/5: 搜索 20 条真实新闻
[09:30:43] ✅ 搜索成功: 找到 20 条新闻
[09:30:43] 🎨 步骤 2/5: 并行生成 20 张图片（2个线程）
[09:30:43] 📊 质量标准: 文件50KB-800KB, 宽≥1024, 高≥576, 比例16:9
[09:30:43] ⚡ API限流应对: 失败自动重试最多6次，每次间隔递增等待
[09:30:43] 🖼️  生成图片 2/20: 新闻第一线重大突发！ 参院通过限战决议川普或被迫终战？... (尝试 1/6)
[09:30:43] ⏳ 请求限流: 等待 3.0 秒...
[09:31:37] ✅ 图片 2/20 生成成功且质量合格
[09:31:37] 🖼️  生成图片 3/20: 八度空间午间新闻 12:30 网络直播今日焦点选委 ...... (尝试 1/6)
[09:33:07] ✅ 图片 3/20 生成成功且质量合格
[09:33:07] 🖼️  生成图片 4/20: 新闻直击美急封边境！ 川普警告伊朗：很快有事发生 汉坦病毒 ... (尝试 1/6)
[09:34:38] ✅ 图片 4/20 生成成功且质量合格
[09:34:38] 🖼️  生成图片 5/20: 一周大事件（） - 普通话电台... (尝试 1/6)
[09:36:07] ✅ 图片 5/20 生成成功且质量合格
[09:36:07] 🖼️  生成图片 6/20: 速报パンチのサル山侵入 米国籍の大学生の男を逮捕47（よんな... (尝试 1/6)
[09:37:37] ✅ 图片 6/20 生成成功且质量合格
[09:37:37] 🖼️  生成图片 7/20: の记事一覧 - 朝日新闻... (尝试 1/6)
