[02:19:17] ============================================================
[02:19:17] 开始更新新闻博客 - 2026-05-02 02:19:17.431069
[02:19:17] ============================================================
[02:19:17] 📡 步骤 1/5: 搜索 20 条真实新闻
[02:19:28] ✅ 搜索成功: 找到 20 条新闻
[02:19:28] 🎨 步骤 2/5: 并行生成 20 张图片（2个线程）
[02:19:28] 📊 质量标准: 文件50KB-800KB, 宽≥800, 高≥450, 比例16:9
[02:19:28] ⚡ API限流应对: 失败自动重试最多6次，每次间隔递增等待
[02:19:28] 🖼️  生成图片 1/20: 新华每日电讯 -微报纸... (尝试 1/6)
[02:19:28] ⏳ 请求限流: 等待 8.0 秒...
[02:19:37] ✅ 图片 1/20 生成成功且质量合格
[02:19:37] 🖼️  生成图片 3/20: 中国经济新闻 今日重大 财经政策 股市 - - á... (尝试 1/6)
[02:19:37] ⏳ 请求限流: 等待 6.8 秒...
[02:21:08] ✅ 图片 3/20 生成成功且质量合格
[02:21:08] 🖼️  生成图片 4/20: 影响股市的重大事件 影响股市的重大事件根据今日财经新闻，以下... (尝试 1/6)
[02:22:38] ✅ 图片 4/20 生成成功且质量合格
[02:22:38] 🖼️  生成图片 5/20: 今日分享: 2026年2月份 大A重要事件梳理... (尝试 1/6)
[02:24:08] ✅ 图片 5/20 生成成功且质量合格
[02:24:08] 🖼️  生成图片 6/20: 经济日报要闻... (尝试 1/6)
[02:25:38] ✅ 图片 6/20 生成成功且质量合格
[02:25:38] 🖼️  生成图片 7/20: 彰显强大韧性和活力的中国经济... (尝试 1/6)
[02:27:08] ✅ 图片 7/20 生成成功且质量合格
[02:27:08] 🖼️  生成图片 8/20: 习近平总书记指引未来产业发展 - 国际科技创新中心... (尝试 1/6)
[02:28:38] ✅ 图片 8/20 生成成功且质量合格
[02:28:38] 🖼️  生成图片 9/20: 2026年政府工作报告：打造智能经济新形态。十五五规划纲要... (尝试 1/6)
[02:32:43] ============================================================
[02:32:43] 开始更新新闻博客 - 2026-05-02 02:32:43.512024
[02:32:43] ============================================================
[02:32:43] 📡 步骤 1/5: 搜索 20 条真实新闻
[02:33:22] ✅ 搜索成功: 找到 20 条新闻
[02:33:22] 🎨 步骤 2/5: 并行生成 20 张图片（2个线程）
[02:33:22] 📊 质量标准: 文件50KB-800KB, 宽≥800, 高≥450, 比例16:9
[02:33:22] ⚡ API限流应对: 失败自动重试最多6次，每次间隔递增等待
[02:33:22] 🖼️  生成图片 1/20: 今日财经要闻10以色列美国伊朗... (尝试 1/6)
[02:33:22] ⏳ 请求限流: 等待 8.0 秒...
[02:35:32] ✅ 图片 1/20 生成成功且质量合格
[02:35:32] 🖼️  生成图片 3/20: 一周大事件（） - 普通话电台... (尝试 1/6)
[02:37:02] ✅ 图片 3/20 生成成功且质量合格
[02:37:02] 🖼️  生成图片 4/20: 白宫记者晚宴枪击疑犯“很可能”是以特朗普和其他官员为攻击目标... (尝试 1/6)
[02:38:32] ✅ 图片 4/20 生成成功且质量合格
[02:38:32] 🖼️  生成图片 5/20: 特朗普活动现场传枪声 31岁男子被捕、特勤人员中弹 - 中文... (尝试 1/6)
[02:40:02] ✅ 图片 5/20 生成成功且质量合格
[02:40:02] 🖼️  生成图片 6/20: 未来五年，八大领域将站上风口... (尝试 1/6)
[02:41:33] ✅ 图片 6/20 生成成功且质量合格
[02:41:33] 🖼️  生成图片 7/20: 国家发改委：2026年消费与投资、科技与产业等将释放出巨大发... (尝试 1/6)
[02:53:49] ============================================================
[02:53:49] 开始更新新闻博客 - 2026-05-02 02:53:49.463981
[02:53:49] ============================================================
[02:53:49] 📡 步骤 1/5: 搜索 20 条真实新闻
[02:54:05] ✅ 搜索成功: 找到 20 条新闻
[02:54:05] 🎨 步骤 2/5: 并行生成 20 张图片（2个线程）
[02:54:05] 📊 质量标准: 文件50KB-800KB, 宽≥1024, 高≥576, 比例16:9
[02:54:05] ⚡ API限流应对: 失败自动重试最多6次，每次间隔递增等待
[02:54:05] 🖼️  生成图片 1/20: 今日财经要闻10以色列美国伊朗... (尝试 1/6)
[02:54:05] ⏳ 请求限流: 等待 8.0 秒...
[02:54:15] ✅ 图片 1/20 生成成功且质量合格
[02:54:15] 🖼️  生成图片 3/20: 一周大事件（） - 普通话电台... (尝试 1/6)
[02:54:15] ⏳ 请求限流: 等待 6.3 秒...
