[09:22:08] ============================================================
[09:22:08] 开始更新新闻博客 - 2026-05-19 09:22:08.704573
[09:22:08] ============================================================
[09:22:08] 📡 步骤 1/5: 搜索 20 条真实新闻
[09:22:45] ✅ 搜索成功: 找到 20 条新闻
[09:22:45] 🎨 步骤 2/5: 并行生成 20 张图片（2个线程）
[09:22:45] 📊 质量标准: 文件50KB-800KB, 宽≥1024, 高≥576, 比例16:9
[09:22:45] ⚡ API限流应对: 失败自动重试最多6次，每次间隔递增等待
[09:22:45] 🖼️  生成图片 1/20: 小田原市... (尝试 1/6)
[09:22:45] ⏳ 请求限流: 等待 3.0 秒...
[09:22:50] ✅ 图片 1/20 生成成功且质量合格
[09:22:50] 🖼️  生成图片 3/20: 上海交通大学物理与天文学院... (尝试 1/6)
[09:22:50] ⏳ 请求限流: 等待 1.5 秒...
[09:24:20] ✅ 图片 3/20 生成成功且质量合格
[09:24:20] 🖼️  生成图片 4/20: 中南大学粉末冶金研究院... (尝试 1/6)
[09:25:49] ✅ 图片 4/20 生成成功且质量合格
[09:25:49] 🖼️  生成图片 5/20: 中华民国总统府... (尝试 1/6)
[09:25:52] ✅ 图片 5/20 生成成功且质量合格
[09:25:52] 🖼️  生成图片 6/20: 国家气候中心... (尝试 1/6)
[09:25:52] ⏳ 请求限流: 等待 0.8 秒...
[09:27:49] ============================================================
[09:27:49] 开始更新新闻博客 - 2026-05-19 09:27:49.520339
[09:27:49] ============================================================
[09:27:49] 📡 步骤 1/5: 搜索 20 条真实新闻
[09:27:53] ✅ 搜索成功: 找到 20 条新闻
[09:27:53] 🎨 步骤 2/5: 并行生成 20 张图片（2个线程）
[09:27:53] 📊 质量标准: 文件50KB-800KB, 宽≥1024, 高≥576, 比例16:9
[09:27:53] ⚡ API限流应对: 失败自动重试最多6次，每次间隔递增等待
[09:27:53] 🖼️  生成图片 1/20: 小田原市... (尝试 1/6)
[09:27:53] ⏳ 请求限流: 等待 3.0 秒...
[09:29:58] ✅ 图片 1/20 生成成功且质量合格
[09:29:58] 🖼️  生成图片 3/20: 上海交通大学物理与天文学院... (尝试 1/6)
[09:31:28] ✅ 图片 3/20 生成成功且质量合格
[09:31:28] 🖼️  生成图片 4/20: 中南大学粉末冶金研究院... (尝试 1/6)
[09:32:58] ✅ 图片 4/20 生成成功且质量合格
[09:32:58] 🖼️  生成图片 5/20: 中华民国总统府... (尝试 1/6)
[09:34:28] ✅ 图片 5/20 生成成功且质量合格
[09:34:28] 🖼️  生成图片 6/20: 国家气候中心... (尝试 1/6)
[09:35:58] ✅ 图片 6/20 生成成功且质量合格
[09:35:58] 🖼️  生成图片 7/20: 雷达回波 交通部中央气象署... (尝试 1/6)
[09:37:28] ✅ 图片 7/20 生成成功且质量合格
[09:37:28] 🖼️  生成图片 8/20: 21世纪经济报道- 数字报... (尝试 1/6)
[09:38:13] ============================================================
[09:38:13] 开始更新新闻博客 - 2026-05-19 09:38:13.030805
[09:38:13] ============================================================
[09:38:13] 📡 步骤 1/5: 搜索 20 条真实新闻
[09:38:17] ✅ 搜索成功: 找到 20 条新闻
[09:38:17] 🎨 步骤 2/5: 并行生成 20 张图片（2个线程）
[09:38:17] 📊 质量标准: 文件50KB-800KB, 宽≥1024, 高≥576, 比例16:9
[09:38:17] ⚡ API限流应对: 失败自动重试最多6次，每次间隔递增等待
[09:38:17] 🖼️  生成图片 2/20: 参考消息... (尝试 1/6)
[09:38:17] ⏳ 请求限流: 等待 3.0 秒...
[09:38:20] ⚠️  图片 2 触发API限流，增加等待时间...
[09:38:20] ⏳ 限流等待 15 秒...
[09:38:35] 🖼️  生成图片 2/20: 参考消息... (尝试 2/6)
[09:38:36] ⚠️  图片 2 触发API限流，增加等待时间...
[09:38:36] ⏳ 限流等待 15 秒...
[09:38:51] 🖼️  生成图片 2/20: 参考消息... (尝试 3/6)
[09:38:52] ⚠️  图片 2 触发API限流，增加等待时间...
[09:38:52] ⏳ 限流等待 15 秒...
[09:39:07] 🖼️  生成图片 2/20: 参考消息... (尝试 4/6)
[09:40:28] ✅ 图片 2/20 生成成功且质量合格
[09:40:28] 🖼️  生成图片 3/20: 上海交通大学物理与天文学院... (尝试 1/6)
[09:41:58] ✅ 图片 3/20 生成成功且质量合格
[09:41:58] 🖼️  生成图片 4/20: 中南大学粉末冶金研究院... (尝试 1/6)
[09:43:28] ✅ 图片 4/20 生成成功且质量合格
[09:43:28] 🖼️  生成图片 5/20: 中华民国总统府... (尝试 1/6)
[09:44:58] ✅ 图片 5/20 生成成功且质量合格
[09:44:58] 🖼️  生成图片 6/20: 国家气候中心... (尝试 1/6)
[09:46:28] ✅ 图片 6/20 生成成功且质量合格
[09:46:28] 🖼️  生成图片 7/20: 雷达回波 交通部中央气象署... (尝试 1/6)
[09:47:57] ✅ 图片 7/20 生成成功且质量合格
[09:47:57] 🖼️  生成图片 8/20: 21世纪经济报道- 数字报... (尝试 1/6)
[09:49:28] ✅ 图片 8/20 生成成功且质量合格
[09:49:28] 🖼️  生成图片 9/20: 智能经济新形态：从技术革命到产业生态重构 - 光明网... (尝试 1/6)
[09:50:58] ✅ 图片 9/20 生成成功且质量合格
[09:50:58] 🖼️  生成图片 10/20: [] 中华人民共和国国民经济和社会发展第十五个五年规划纲要... (尝试 1/6)
[09:52:27] ✅ 图片 10/20 生成成功且质量合格
[09:52:27] 🖼️  生成图片 11/20: 中国青年报版：经济周刊... (尝试 1/6)
[09:53:58] ✅ 图片 11/20 生成成功且质量合格
[09:53:58] 🖼️  生成图片 12/20: 国家统计局局长就2025年全年国民经济运行情况答记者问... (尝试 1/6)
[09:55:28] ✅ 图片 12/20 生成成功且质量合格
[09:55:28] 🖼️  生成图片 13/20: 工业经济平稳增长 传统产业焕新推动高质量发展-中新网... (尝试 1/6)
[09:56:58] ✅ 图片 13/20 生成成功且质量合格
[09:56:58] 🖼️  生成图片 14/20: 五年规划里的大国“治慧”——习近平主席引领中国高质量发展的世... (尝试 1/6)
[09:58:28] ✅ 图片 14/20 生成成功且质量合格
[09:58:28] 🖼️  生成图片 15/20: 一批“十五五”时期高技术产业标志性引领性重大工程正谋划推进（... (尝试 1/6)
[09:59:58] ✅ 图片 15/20 生成成功且质量合格
[09:59:58] 🖼️  生成图片 16/20: 推动高质量、可持续的发展中央网络安全和信息化委员会办公室... (尝试 1/6)
[10:01:28] ✅ 图片 16/20 生成成功且质量合格
[10:01:28] 🖼️  生成图片 17/20: 外交部发言人郭嘉昆主持例行记者会... (尝试 1/6)
[10:02:58] ✅ 图片 17/20 生成成功且质量合格
[10:02:58] 🖼️  生成图片 18/20: 外交部发言人林剑主持例行记者会... (尝试 1/6)
[10:06:28] ⚠️  图片 18 生成失败: 🎨 Generating image...
   Prompt: Realistic news photography: diplomacy. breaking news, curren...
   
[10:06:28] ⏳ 等待 15 秒后重试...
[10:06:43] 🖼️  生成图片 18/20: 外交部发言人林剑主持例行记者会... (尝试 2/6)
[10:06:44] ✅ 图片 18/20 生成成功且质量合格
[10:06:44] 🖼️  生成图片 19/20: 内政外交挑战重重2026美国全球战略如何重构？... (尝试 1/6)
[10:06:44] ⏳ 请求限流: 等待 1.8 秒...
[10:08:14] ✅ 图片 19/20 生成成功且质量合格
[10:08:14] 🖼️  生成图片 20/20: 大国之大利天下——2026年春季中国元首外交纪事习近平外交思... (尝试 1/6)
[10:09:44] ✅ 图片 20/20 生成成功且质量合格
[10:09:44] 🖼️  生成图片 1/20: 小田原市... (尝试 1/6)
[10:11:14] ✅ 图片 1/20 生成成功且质量合格
[10:11:14] 🔍 步骤 3/5: 检查内容和图片质量
[10:11:14] ✅ 新闻 1 内容长度: 155 字符
[10:11:14] ✅ 新闻 1 图片质量: 71.0KB
[10:11:14] ✅ 新闻 2 内容长度: 156 字符
[10:11:14] ✅ 新闻 2 图片质量: 64.8KB
[10:11:14] ✅ 新闻 3 内容长度: 194 字符
[10:11:14] ✅ 新闻 3 图片质量: 105.1KB
[10:11:14] ✅ 新闻 4 内容长度: 156 字符
[10:11:14] ✅ 新闻 4 图片质量: 78.1KB
[10:11:14] ✅ 新闻 5 内容长度: 202 字符
[10:11:14] ✅ 新闻 5 图片质量: 74.4KB
[10:11:14] ✅ 新闻 6 内容长度: 151 字符
[10:11:14] ✅ 新闻 6 图片质量: 83.9KB
[10:11:14] ✅ 新闻 7 内容长度: 185 字符
[10:11:14] ✅ 新闻 7 图片质量: 62.0KB
[10:11:14] ✅ 新闻 8 内容长度: 185 字符
[10:11:14] ✅ 新闻 8 图片质量: 72.9KB
[10:11:14] ✅ 新闻 9 内容长度: 190 字符
[10:11:14] ✅ 新闻 9 图片质量: 79.1KB
[10:11:14] ✅ 新闻 10 内容长度: 202 字符
[10:11:14] ✅ 新闻 10 图片质量: 55.5KB
[10:11:14] ✅ 新闻 11 内容长度: 163 字符
[10:11:14] ✅ 新闻 11 图片质量: 68.6KB
[10:11:14] ✅ 新闻 12 内容长度: 189 字符
[10:11:14] ✅ 新闻 12 图片质量: 54.5KB
[10:11:14] ✅ 新闻 13 内容长度: 202 字符
[10:11:14] ✅ 新闻 13 图片质量: 79.5KB
[10:11:14] ✅ 新闻 14 内容长度: 202 字符
[10:11:14] ✅ 新闻 14 图片质量: 57.6KB
[10:11:14] ✅ 新闻 15 内容长度: 167 字符
[10:11:14] ✅ 新闻 15 图片质量: 62.4KB
[10:11:14] ✅ 新闻 16 内容长度: 200 字符
[10:11:14] ✅ 新闻 16 图片质量: 76.2KB
[10:11:14] ✅ 新闻 17 内容长度: 178 字符
[10:11:14] ✅ 新闻 17 图片质量: 60.9KB
[10:11:14] ✅ 新闻 18 内容长度: 186 字符
[10:11:14] ✅ 新闻 18 图片质量: 62.2KB
[10:11:14] ✅ 新闻 19 内容长度: 158 字符
[10:11:14] ✅ 新闻 19 图片质量: 71.0KB
[10:11:14] ✅ 新闻 20 内容长度: 163 字符
[10:11:14] ✅ 新闻 20 图片质量: 63.8KB
[10:11:14] ✅ 质量检查通过
[10:11:14] 📝 步骤 4/5: 创建 HTML 页面
[10:11:14] 🔍 HTML验证: 预期 20 张新闻卡片, 实际 20 张
[10:11:14] ✅ HTML 创建成功: /home/swg/.openclaw/workspace/news-blog/index.html
[10:11:14] ✅ 生成完成（未上传）
[10:11:14] 📄 HTML 文件: /home/swg/.openclaw/workspace/news-blog/index.html
