[09:21:36] ============================================================
[09:21:36] 开始更新新闻博客 - 2026-05-18 09:21:36.539109
[09:21:36] ============================================================
[09:21:59] ============================================================
[09:21:59] 开始更新新闻博客 - 2026-05-18 09:21:59.013824
[09:21:59] ============================================================
[09:21:59] 📡 步骤 1/5: 搜索 20 条真实新闻
[09:22:05] ✅ 搜索成功: 找到 20 条新闻
[09:22:05] 🎨 步骤 2/5: 并行生成 20 张图片（2个线程）
[09:22:05] 📊 质量标准: 文件50KB-800KB, 宽≥1024, 高≥576, 比例16:9
[09:22:05] ⚡ API限流应对: 失败自动重试最多6次，每次间隔递增等待
[09:22:05] 🖼️  生成图片 1/20: の记事一覧：朝日新闻... (尝试 1/6)
[09:22:05] ⏳ 请求限流: 等待 20.0 秒...
[09:22:27] ✅ 图片 1/20 生成成功且质量合格
[09:22:27] 🖼️  生成图片 3/20: 川普宣称战争已经结束... (尝试 1/6)
[09:22:27] ⏳ 请求限流: 等待 18.2 秒...
[09:23:57] ✅ 图片 3/20 生成成功且质量合格
[09:23:57] 🖼️  生成图片 4/20: 第二艘国产大型邮轮“爱达·花城号”出海试航预计11月交付泰国... (尝试 1/6)
[09:23:59] ✅ 图片 4/20 生成成功且质量合格
[09:23:59] 🖼️  生成图片 5/20: 美军轰炸中使馆！揭密中共高层沉默3天背后大瓜 - 新闻... (尝试 1/6)
[09:23:59] ⏳ 请求限流: 等待 18.1 秒...
[09:25:29] ✅ 图片 5/20 生成成功且质量合格
[09:25:29] 🖼️  生成图片 6/20: " ...... (尝试 1/6)
[09:32:03] ============================================================
[09:32:03] 开始更新新闻博客 - 2026-05-18 09:32:03.157914
[09:32:03] ============================================================
[09:32:03] 📡 步骤 1/5: 搜索 20 条真实新闻
[09:32:06] ✅ 搜索成功: 找到 20 条新闻
[09:32:06] 🎨 步骤 2/5: 并行生成 20 张图片（2个线程）
[09:32:06] 📊 质量标准: 文件50KB-800KB, 宽≥1024, 高≥576, 比例16:9
[09:32:06] ⚡ API限流应对: 失败自动重试最多6次，每次间隔递增等待
[09:32:06] 🖼️  生成图片 2/20: 2 ! , " ...... (尝试 1/6)
[09:32:06] ⏳ 请求限流: 等待 20.0 秒...
[09:32:28] ✅ 图片 2/20 生成成功且质量合格
[09:32:28] 🖼️  生成图片 3/20: 川普宣称战争已经结束... (尝试 1/6)
[09:32:28] ⏳ 请求限流: 等待 18.0 秒...
[09:33:58] ✅ 图片 3/20 生成成功且质量合格
[09:33:58] 🖼️  生成图片 4/20: 第二艘国产大型邮轮“爱达·花城号”出海试航预计11月交付泰国... (尝试 1/6)
[09:35:28] ✅ 图片 4/20 生成成功且质量合格
[09:35:28] 🖼️  生成图片 5/20: 美军轰炸中使馆！揭密中共高层沉默3天背后大瓜 - 新闻... (尝试 1/6)
[09:36:58] ✅ 图片 5/20 生成成功且质量合格
[09:36:58] 🖼️  生成图片 6/20: " ...... (尝试 1/6)
[09:37:44] ============================================================
[09:37:44] 开始更新新闻博客 - 2026-05-18 09:37:44.393012
[09:37:44] ============================================================
[09:37:44] 📡 步骤 1/5: 搜索 20 条真实新闻
[09:37:48] ✅ 搜索成功: 找到 20 条新闻
[09:37:48] 🎨 步骤 2/5: 并行生成 20 张图片（2个线程）
[09:37:48] 📊 质量标准: 文件50KB-800KB, 宽≥1024, 高≥576, 比例16:9
[09:37:48] ⚡ API限流应对: 失败自动重试最多6次，每次间隔递增等待
[09:37:48] 🖼️  生成图片 1/20: の记事一覧：朝日新闻... (尝试 1/6)
[09:37:48] ⏳ 请求限流: 等待 20.0 秒...
[09:38:10] ⚠️  图片 1 触发API限流，增加等待时间...
[09:38:10] ⏳ 限流等待 60 秒...
[09:39:10] 🖼️  生成图片 1/20: の记事一覧：朝日新闻... (尝试 2/6)
[09:39:58] ✅ 图片 1/20 生成成功且质量合格
[09:39:58] 🖼️  生成图片 3/20: 川普宣称战争已经结束... (尝试 1/6)
[09:41:28] ✅ 图片 3/20 生成成功且质量合格
[09:41:28] 🖼️  生成图片 4/20: 第二艘国产大型邮轮“爱达·花城号”出海试航预计11月交付泰国... (尝试 1/6)
[09:42:59] ✅ 图片 4/20 生成成功且质量合格
[09:42:59] 🖼️  生成图片 5/20: 美军轰炸中使馆！揭密中共高层沉默3天背后大瓜 - 新闻... (尝试 1/6)
[09:44:28] ✅ 图片 5/20 生成成功且质量合格
[09:44:28] 🖼️  生成图片 6/20: " ...... (尝试 1/6)
[09:45:58] ✅ 图片 6/20 生成成功且质量合格
[09:45:58] 🖼️  生成图片 7/20: 今日要闻... (尝试 1/6)
[09:47:28] ✅ 图片 7/20 生成成功且质量合格
[09:47:28] 🖼️  生成图片 8/20: 2026科技产业化政策解读 - 科学中国网官方网站... (尝试 1/6)
[09:48:58] ✅ 图片 8/20 生成成功且质量合格
[09:48:58] 🖼️  生成图片 9/20: 从“互联网门面”到硬科技竞技场港股蜕变 - 21财经... (尝试 1/6)
[09:50:28] ✅ 图片 9/20 生成成功且质量合格
[09:50:28] 🖼️  生成图片 10/20: 2026年政府工作报告：打造智能经济新形态。十五五规划纲要... (尝试 1/6)
[09:52:52] ============================================================
[09:52:52] 开始更新新闻博客 - 2026-05-18 09:52:52.706549
[09:52:52] ============================================================
[09:52:52] 📡 步骤 1/5: 搜索 20 条真实新闻
[09:53:01] ✅ 搜索成功: 找到 20 条新闻
[09:53:01] 🎨 步骤 2/5: 并行生成 20 张图片（2个线程）
[09:53:01] 📊 质量标准: 文件50KB-800KB, 宽≥1024, 高≥576, 比例16:9
[09:53:01] ⚡ API限流应对: 失败自动重试最多6次，每次间隔递增等待
[09:53:01] 🖼️  生成图片 1/20: 朝刊 （月） - 朝日新闻... (尝试 1/6)
[09:53:01] ⏳ 请求限流: 等待 3.0 秒...
[09:53:29] ✅ 图片 1/20 生成成功且质量合格
[09:53:29] 🖼️  生成图片 3/20: 第二艘国产大型邮轮“爱达·花城号”出海试航预计11月交付泰国... (尝试 1/6)
[09:54:58] ✅ 图片 3/20 生成成功且质量合格
[09:54:58] 🖼️  生成图片 4/20: 因突发事件撤离晚宴后 特朗普发帖：已建议“让活动继续进行”-... (尝试 1/6)
[09:56:28] ✅ 图片 4/20 生成成功且质量合格
[09:56:28] 🖼️  生成图片 5/20: 即时新闻新华国际... (尝试 1/6)
[09:57:58] ✅ 图片 5/20 生成成功且质量合格
[09:57:58] 🖼️  生成图片 6/20: 2026科技产业化政策解读 - 科学中国网官方网站... (尝试 1/6)
[09:59:28] ✅ 图片 6/20 生成成功且质量合格
[09:59:28] 🖼️  生成图片 7/20: 算力驱动光通信产业链进入高景气周期 - 21经济网... (尝试 1/6)
[10:00:58] ✅ 图片 7/20 生成成功且质量合格
[10:00:58] 🖼️  生成图片 8/20: 逾60家上市公司披露扩产或大额投资计划2026年A股掀起 .... (尝试 1/6)
[10:02:28] ✅ 图片 8/20 生成成功且质量合格
[10:02:28] 🖼️  生成图片 9/20: [] 中华人民共和国国民经济和社会发展第十五个五年规划纲要... (尝试 1/6)
[10:03:58] ✅ 图片 9/20 生成成功且质量合格
[10:03:58] 🖼️  生成图片 10/20: 新华社政论：夯实基础全面发力，推进中国式现代化行稳致远 - ... (尝试 1/6)
[10:05:29] ✅ 图片 10/20 生成成功且质量合格
[10:05:29] 🖼️  生成图片 11/20: “与中国同行就是与机遇同行”——中国携手世界开创互利共赢新局... (尝试 1/6)
[10:06:58] ✅ 图片 11/20 生成成功且质量合格
[10:06:58] 🖼️  生成图片 12/20: 亚太经合组织第二次高官会将于5月18日至19日在上海举办 -... (尝试 1/6)
[10:08:28] ✅ 图片 12/20 生成成功且质量合格
[10:08:28] 🖼️  生成图片 13/20: 大国外交中的一个细节与一场演讲... (尝试 1/6)
[10:09:58] ⚠️  图片 13 质量不达标，重新生成...
[10:09:58] ⏳ 等待 15 秒...
[10:10:13] 🖼️  生成图片 13/20: 大国外交中的一个细节与一场演讲... (尝试 2/6)
[10:11:28] ✅ 图片 13/20 生成成功且质量合格
[10:11:28] 🖼️  生成图片 14/20: 亚太经合组织第二次高官会将于5月18日至19日在上海举办 -... (尝试 1/6)
[10:12:58] ✅ 图片 14/20 生成成功且质量合格
[10:12:58] 🖼️  生成图片 15/20: 外交部发言人郭嘉昆主持例行记者会... (尝试 1/6)
[10:14:28] ✅ 图片 15/20 生成成功且质量合格
[10:14:28] 🖼️  生成图片 16/20: 例行记者会中华人民共和国外交部... (尝试 1/6)
[10:15:58] ✅ 图片 16/20 生成成功且质量合格
[10:15:58] 🖼️  生成图片 17/20: “一带一路”国际合作高峰论坛 - 外交部... (尝试 1/6)
[10:17:29] ✅ 图片 17/20 生成成功且质量合格
[10:17:29] 🖼️  生成图片 18/20: 法治日报版：要闻... (尝试 1/6)
[10:19:00] ✅ 图片 18/20 生成成功且质量合格
[10:19:00] 🖼️  生成图片 19/20: 深圳市南山区人民政府网站... (尝试 1/6)
[10:20:28] ✅ 图片 19/20 生成成功且质量合格
[10:20:28] 🖼️  生成图片 20/20: 习近平外交大胜英法美俄"4常"奔华!伊朗渗透美机密川普心急如... (尝试 1/6)
[10:21:58] ✅ 图片 20/20 生成成功且质量合格
[10:21:58] 🖼️  生成图片 2/20: 纽约时报中文网... (尝试 1/6)
[10:23:28] ✅ 图片 2/20 生成成功且质量合格
[10:23:28] 🔍 步骤 3/5: 检查内容和图片质量
[10:23:28] ✅ 新闻 1 内容长度: 202 字符
[10:23:28] ✅ 新闻 1 图片质量: 68.0KB
[10:23:28] ✅ 新闻 2 内容长度: 198 字符
[10:23:28] ✅ 新闻 2 图片质量: 68.5KB
[10:23:28] ✅ 新闻 3 内容长度: 153 字符
[10:23:28] ✅ 新闻 3 图片质量: 89.7KB
[10:23:28] ✅ 新闻 4 内容长度: 202 字符
[10:23:28] ✅ 新闻 4 图片质量: 70.4KB
[10:23:28] ✅ 新闻 5 内容长度: 202 字符
[10:23:28] ✅ 新闻 5 图片质量: 78.1KB
[10:23:28] ✅ 新闻 6 内容长度: 196 字符
[10:23:28] ✅ 新闻 6 图片质量: 81.9KB
[10:23:28] ✅ 新闻 7 内容长度: 202 字符
[10:23:28] ✅ 新闻 7 图片质量: 86.6KB
[10:23:28] ✅ 新闻 8 内容长度: 186 字符
[10:23:28] ✅ 新闻 8 图片质量: 74.1KB
[10:23:28] ✅ 新闻 9 内容长度: 202 字符
[10:23:28] ✅ 新闻 9 图片质量: 73.3KB
[10:23:28] ✅ 新闻 10 内容长度: 166 字符
[10:23:28] ✅ 新闻 10 图片质量: 82.5KB
[10:23:28] ✅ 新闻 11 内容长度: 165 字符
[10:23:28] ✅ 新闻 11 图片质量: 72.7KB
[10:23:28] ✅ 新闻 12 内容长度: 194 字符
[10:23:28] ✅ 新闻 12 图片质量: 94.4KB
[10:23:28] ✅ 新闻 13 内容长度: 162 字符
[10:23:28] ✅ 新闻 13 图片质量: 59.2KB
[10:23:28] ✅ 新闻 14 内容长度: 155 字符
[10:23:28] ✅ 新闻 14 图片质量: 90.1KB
[10:23:28] ✅ 新闻 15 内容长度: 194 字符
[10:23:28] ✅ 新闻 15 图片质量: 62.2KB
[10:23:28] ✅ 新闻 16 内容长度: 154 字符
[10:23:28] ✅ 新闻 16 图片质量: 56.1KB
[10:23:28] ✅ 新闻 17 内容长度: 172 字符
[10:23:28] ✅ 新闻 17 图片质量: 64.0KB
[10:23:28] ✅ 新闻 18 内容长度: 165 字符
[10:23:28] ✅ 新闻 18 图片质量: 68.7KB
[10:23:28] ✅ 新闻 19 内容长度: 163 字符
[10:23:28] ✅ 新闻 19 图片质量: 105.7KB
[10:23:28] ✅ 新闻 20 内容长度: 162 字符
[10:23:28] ✅ 新闻 20 图片质量: 56.6KB
[10:23:28] ✅ 质量检查通过
[10:23:28] 📝 步骤 4/5: 创建 HTML 页面
[10:23:28] 🔍 HTML验证: 预期 20 张新闻卡片, 实际 20 张
[10:23:28] ✅ HTML 创建成功: /home/swg/.openclaw/workspace/news-blog/index.html
[10:23:28] ✅ 生成完成（未上传）
[10:23:28] 📄 HTML 文件: /home/swg/.openclaw/workspace/news-blog/index.html
