[05:21:19] ============================================================
[05:21:19] 开始更新新闻博客 - 2026-05-08 05:21:19.753293
[05:21:19] ============================================================
[05:21:19] 📡 步骤 1/5: 搜索 20 条真实新闻
[05:21:32] ✅ 搜索成功: 找到 20 条新闻
[05:21:32] 🎨 步骤 2/5: 并行生成 20 张图片（2个线程）
[05:21:32] 📊 质量标准: 文件50KB-800KB, 宽≥1024, 高≥576, 比例16:9
[05:21:32] ⚡ API限流应对: 失败自动重试最多6次，每次间隔递增等待
[05:21:32] 🖼️  生成图片 2/20: 新闻第一线200亿换铀？川普：战斗未结束 魏凤和 李尚福 死... (尝试 1/6)
[05:21:32] ⏳ 请求限流: 等待 20.0 秒...
[05:21:54] ✅ 图片 2/20 生成成功且质量合格
[05:21:54] 🖼️  生成图片 3/20: 新闻第一线伊朗发第二波导弹袭击阿联酋以色列密议反击 川普... (尝试 1/6)
[05:21:54] ⏳ 请求限流: 等待 17.7 秒...
[05:22:14] ✅ 图片 3/20 生成成功且质量合格
[05:22:14] 🖼️  生成图片 4/20: 富士山顶上演国旗大战疑似中国小粉红挥动五星旗被美军出手逼退 ... (尝试 1/6)
[05:22:14] ⏳ 请求限流: 等待 18.2 秒...
[05:23:24] ✅ 图片 4/20 生成成功且质量合格
[05:23:24] 🖼️  生成图片 5/20: 时事纵横最新！停火未结束霍峡已畅通 停火协议 美军 海格塞斯... (尝试 1/6)
[05:23:44] ✅ 图片 5/20 生成成功且质量合格
[05:23:44] 🖼️  生成图片 6/20: 扎实推动科技创新与产业创新深度融合 - 光明网-理论频道... (尝试 1/6)
[05:23:44] ⏳ 请求限流: 等待 0.4 秒...
[05:25:13] ✅ 图片 6/20 生成成功且质量合格
[05:25:13] 🖼️  生成图片 7/20: 2026科技风向标：八大趋势重塑产业与生活... (尝试 1/6)
[05:26:43] ✅ 图片 7/20 生成成功且质量合格
[05:26:43] 🖼️  生成图片 8/20: 2026年政府工作报告：打造智能经济新形态。十五五规划纲要... (尝试 1/6)
[05:28:14] ✅ 图片 8/20 生成成功且质量合格
[05:28:14] 🖼️  生成图片 9/20: 视频未来五年 新兴支柱产业和未来产业成为新动能 - 21经济... (尝试 1/6)
[05:29:44] ✅ 图片 9/20 生成成功且质量合格
[05:29:44] 🖼️  生成图片 10/20: 新华视点两会聚焦：布局“十五五” 抢占科技创新新赛道... (尝试 1/6)
[05:31:13] ✅ 图片 10/20 生成成功且质量合格
[05:31:13] 🖼️  生成图片 11/20: 中国经济时报智库·理论周刊陈晓红：以科技创新抢占未来产业发展... (尝试 1/6)
[05:31:39] ============================================================
[05:31:39] 开始快速更新新闻博客 - 2026-05-08 05:31:39.697538
[05:31:39] ============================================================
[05:31:39] 📡 步骤 1/5: 获取 20 条新闻
[05:31:39] ✅ 获取成功: 20 条新闻
[05:31:39] 🎨 步骤 2/5: 生成 20 张图片
[05:31:39] 📁 已有图片: 0 张
[05:31:39] 🖼️  生成图片 1/20
[05:31:40] ⚠️  图片 1 生成失败，使用占位图
[05:31:40] 🖼️  生成图片 2/20
[05:31:41] ⚠️  图片 2 生成失败，使用占位图
[05:31:41] 🖼️  生成图片 3/20
[05:31:42] ⚠️  图片 3 生成失败，使用占位图
[05:31:42] 🖼️  生成图片 4/20
[05:31:43] ⚠️  图片 4 生成失败，使用占位图
[05:31:43] 🖼️  生成图片 5/20
[05:31:44] ⚠️  图片 5 生成失败，使用占位图
[05:31:44] 🖼️  生成图片 6/20
[05:31:45] ⚠️  图片 6 生成失败，使用占位图
[05:31:45] 🖼️  生成图片 7/20
[05:31:46] ⚠️  图片 7 生成失败，使用占位图
[05:31:46] 🖼️  生成图片 8/20
[05:31:48] ⚠️  图片 8 生成失败，使用占位图
[05:31:48] 🖼️  生成图片 9/20
[05:31:49] ⚠️  图片 9 生成失败，使用占位图
[05:31:49] 🖼️  生成图片 10/20
[05:31:50] ⚠️  图片 10 生成失败，使用占位图
[05:31:50] 🖼️  生成图片 11/20
[05:31:51] ⚠️  图片 11 生成失败，使用占位图
[05:31:51] 🖼️  生成图片 12/20
[05:31:52] ⚠️  图片 12 生成失败，使用占位图
[05:31:52] 🖼️  生成图片 13/20
[05:31:53] ⚠️  图片 13 生成失败，使用占位图
[05:31:53] 🖼️  生成图片 14/20
[05:31:54] ⚠️  图片 14 生成失败，使用占位图
[05:31:54] 🖼️  生成图片 15/20
[05:31:55] ⚠️  图片 15 生成失败，使用占位图
[05:31:55] 🖼️  生成图片 16/20
[05:31:56] ⚠️  图片 16 生成失败，使用占位图
[05:31:56] 🖼️  生成图片 17/20
[05:31:57] ⚠️  图片 17 生成失败，使用占位图
[05:31:57] 🖼️  生成图片 18/20
[05:31:58] ⚠️  图片 18 生成失败，使用占位图
[05:31:58] 🖼️  生成图片 19/20
[05:31:59] ⚠️  图片 19 生成失败，使用占位图
[05:31:59] 🖼️  生成图片 20/20
[05:32:00] ⚠️  图片 20 生成失败，使用占位图
[05:32:00] 📝 步骤 4/5: 创建 HTML 页面
[05:32:00] ✅ HTML 创建成功: /home/swg/.openclaw/workspace/news-blog/index.html
[05:32:00] 🚀 步骤 5/5: 上传到 GitHub
[05:32:05] ✅ 上传成功
[05:32:05] ============================================================
[05:32:05] 🎉 更新完成！
[05:32:05] 🌐 https://yww001.github.io/news-blog/
[05:32:05] 📰 新闻: 20 条
[05:32:05] 📷 图片: 0 张
[05:32:05] ============================================================
[22:00:23] ============================================================
[22:00:23] 开始更新新闻博客 - 2026-05-08 22:00:23.420542
[22:00:23] ============================================================
[22:00:23] 📡 步骤 1/5: 搜索 20 条真实新闻
[22:00:31] ✅ 搜索成功: 找到 20 条新闻
[22:00:31] 🎨 步骤 2/5: 并行生成 20 张图片（2个线程）
[22:00:31] 📊 质量标准: 文件50KB-800KB, 宽≥1024, 高≥576, 比例16:9
[22:00:31] ⚡ API限流应对: 失败自动重试最多6次，每次间隔递增等待
[22:00:31] 🖼️  生成图片 2/20: 新闻拆解川普一语成谶伊朗毁了这国！ - 新唐人电视台... (尝试 1/6)
[22:00:31] ⏳ 请求限流: 等待 20.0 秒...
[22:00:53] ⚠️  图片 2 触发API限流，增加等待时间...
[22:00:53] ⏳ 限流等待 60 秒...
[22:01:53] 🖼️  生成图片 2/20: 新闻拆解川普一语成谶伊朗毁了这国！ - 新唐人电视台... (尝试 2/6)
[22:02:23] ⚠️  图片 2 触发API限流，增加等待时间...
[22:02:23] ⏳ 限流等待 60 秒...
